<?xml version="1.0" encoding="UTF-8"?>
<testsuites name="Rule Editor" time="228" tests="4" failures="0" errors="0">
   <testsuite name="Rule Editor" tests="4" failures="0" errors="0" time="228" timestamp="2019-01-22 16:43:49" hostname="rogelio medrano - TDG-MBL-MTY0325.tiempodev.local" id="Test Suites/UI/Rule Editor/Rule Editor">
      <properties>
         <property name="deviceName" value=""/>
         <property name="devicePlatform" value=""/>
         <property name="logFolder" value="C:\\Users\\rogelio medrano\\git\\AMPSAutRegression\\Reports\\UI\\Rule Editor\\Rule Editor\\20190122_164347"/>
         <property name="logFiles" value="C:\\Users\\rogelio medrano\\git\\AMPSAutRegression\\Reports\\UI\\Rule Editor\\Rule Editor\\20190122_164347\\execution0.log"/>
         <property name="attachments" value=""/>
         <property name="hostName" value="rogelio medrano - TDG-MBL-MTY0325.tiempodev.local"/>
         <property name="os" value="Windows 10 64bit"/>
         <property name="katalonVersion" value="5.10.1.1"/>
         <property name="browser" value="Chrome 71.0.3578.98"/>
         <property name="hostAddress" value="192.168.0.102"/>
         <property name="sessionId" value="5cc94936a82f436a3662ac9cd2e22482"/>
         <property name="seleniumVersion" value="3.7.1"/>
         <property name="proxyInformation" value="ProxyInformation{proxyOption=NO_PROXY, proxyServerType=HTTP, password=, proxyServerAddress=, proxyServerPort=0}"/>
         <property name="platform" value="Windows 10"/>
      </properties>
      <testcase name="Test Cases/UI/Client/Rule Editor/Create New Rule Set" classname="Test Cases/UI/Client/Rule Editor/Create New Rule Set" status="PASSED">
         <system-out><![CDATA[2019-01-22 16:43:49 - [TEST_CASE][PASSED] - Test Cases/UI/Client/Rule Editor/Create New Rule Set: Test Cases/UI/Client/Rule Editor/Create New Rule Set

2019-01-22 16:43:50 - [TEST_STEP][PASSED] - UAT = "https://uat.advancedpricing.com": null

2019-01-22 16:43:50 - [TEST_STEP][PASSED] - USER = "qaAuto": null

2019-01-22 16:43:50 - [TEST_STEP][PASSED] - PASSWD = "a9yk100dD": null

2019-01-22 16:43:50 - [TEST_STEP][PASSED] - RULESETNAME = "AAAA Rule Set": null

2019-01-22 16:43:50 - [TEST_STEP][PASSED] - VALIDFROM = "01/18/2019": null

2019-01-22 16:43:50 - [TEST_STEP][PASSED] - VALIDTO = "01/30/2019": null

2019-01-22 16:43:50 - [TEST_STEP][PASSED] - RULESETTYPE = "Claim": null

2019-01-22 16:43:50 - [TEST_STEP][PASSED] - RULENAME = "First Rule": null

2019-01-22 16:43:50 - [TEST_STEP][PASSED] - openBrowser(""): Browser is opened with url: ''

2019-01-22 16:43:50 - [MESSAGE][INFO] - Starting 'Chrome' driver

2019-01-22 16:43:50 - [MESSAGE][INFO] - Action delay is set to 0 seconds

2019-01-22 16:43:53 - [MESSAGE][PASSED] - Browser is opened with url: ''

2019-01-22 16:43:53 - [TEST_STEP][PASSED] - maximizeWindow(): Current window maximized

2019-01-22 16:43:54 - [MESSAGE][PASSED] - Current window maximized

2019-01-22 16:43:54 - [TEST_STEP][PASSED] - navigateToUrl(UAT): Navigate to 'https://uat.advancedpricing.com' successfully

2019-01-22 16:43:55 - [MESSAGE][PASSED] - Navigate to 'https://uat.advancedpricing.com' successfully

2019-01-22 16:43:55 - [TEST_STEP][PASSED] - waitForPageLoad(5): Wait for page load successfully

2019-01-22 16:43:55 - [MESSAGE][PASSED] - Wait for page load successfully

2019-01-22 16:43:56 - [TEST_STEP][PASSED] - setText(findTestObject("UI/Client/Claim Services/input_userCode"), USER): Text 'qaAuto' is set on object 'Object Repository/UI/Client/Claim Services/input_userCode'

2019-01-22 16:43:56 - [MESSAGE][PASSED] - Text 'qaAuto' is set on object 'Object Repository/UI/Client/Claim Services/input_userCode'

2019-01-22 16:43:56 - [TEST_STEP][PASSED] - setText(findTestObject("UI/Client/Claim Services/input_userPassword"), PASSWD): Text 'a9yk100dD' is set on object 'Object Repository/UI/Client/Claim Services/input_userPassword'

2019-01-22 16:43:56 - [MESSAGE][PASSED] - Text 'a9yk100dD' is set on object 'Object Repository/UI/Client/Claim Services/input_userPassword'

2019-01-22 16:43:56 - [TEST_STEP][PASSED] - waitForElementClickable(findTestObject("UI/Client/Claim Services/input_loginButton"), 5): Object 'Object Repository/UI/Client/Claim Services/input_loginButton' is clickable

2019-01-22 16:43:56 - [MESSAGE][PASSED] - Object 'Object Repository/UI/Client/Claim Services/input_loginButton' is clickable

2019-01-22 16:43:56 - [TEST_STEP][PASSED] - click(findTestObject("UI/Client/Claim Services/input_loginButton")): Object: 'Object Repository/UI/Client/Claim Services/input_loginButton' is clicked on

2019-01-22 16:43:56 - [MESSAGE][PASSED] - Object: 'Object Repository/UI/Client/Claim Services/input_loginButton' is clicked on

2019-01-22 16:43:56 - [TEST_STEP][PASSED] - delay(1): Delayed 1 second(s)

2019-01-22 16:43:57 - [MESSAGE][PASSED] - Delayed 1 second(s)

2019-01-22 16:43:57 - [TEST_STEP][PASSED] - waitForPageLoad(5): Wait for page load successfully

2019-01-22 16:43:57 - [MESSAGE][PASSED] - Wait for page load successfully

2019-01-22 16:43:57 - [TEST_STEP][PASSED] - waitForElementPresent(findTestObject("UI/Client/Rule Editor/h1_Clients"), 5): Object 'Object Repository/UI/Client/Rule Editor/h1_Clients' is present

2019-01-22 16:43:57 - [MESSAGE][PASSED] - Object 'Object Repository/UI/Client/Rule Editor/h1_Clients' is present

2019-01-22 16:43:57 - [TEST_STEP][PASSED] - pageTitle = getText(findTestObject("UI/Client/Rule Editor/h1_Clients")): Text of object 'Object Repository/UI/Client/Rule Editor/h1_Clients' is: 'Clients'

2019-01-22 16:43:57 - [MESSAGE][PASSED] - Text of object 'Object Repository/UI/Client/Rule Editor/h1_Clients' is: 'Clients'

2019-01-22 16:43:57 - [TEST_STEP][PASSED] - verifyMatch(pageTitle, "Clients", false): Actual text 'Clients' and expected text 'Clients' are matched 

2019-01-22 16:43:57 - [MESSAGE][PASSED] - Actual text 'Clients' and expected text 'Clients' are matched 

2019-01-22 16:43:57 - [TEST_STEP][PASSED] - delay(3): Delayed 3 second(s)

2019-01-22 16:44:00 - [MESSAGE][PASSED] - Delayed 3 second(s)

2019-01-22 16:44:00 - [TEST_STEP][PASSED] - waitForElementClickable(findTestObject("UI/Client/Rule Editor/span_ruleEditorMenu"), 5): Object 'Object Repository/UI/Client/Rule Editor/span_ruleEditorMenu' is clickable

2019-01-22 16:44:00 - [MESSAGE][PASSED] - Object 'Object Repository/UI/Client/Rule Editor/span_ruleEditorMenu' is clickable

2019-01-22 16:44:00 - [TEST_STEP][PASSED] - click(findTestObject("UI/Client/Rule Editor/span_ruleEditorMenu")): Object: 'Object Repository/UI/Client/Rule Editor/span_ruleEditorMenu' is clicked on

2019-01-22 16:44:00 - [MESSAGE][PASSED] - Object: 'Object Repository/UI/Client/Rule Editor/span_ruleEditorMenu' is clicked on

2019-01-22 16:44:00 - [TEST_STEP][PASSED] - delay(1): Delayed 1 second(s)

2019-01-22 16:44:01 - [MESSAGE][PASSED] - Delayed 1 second(s)

2019-01-22 16:44:01 - [TEST_STEP][PASSED] - waitForPageLoad(5): Wait for page load successfully

2019-01-22 16:44:01 - [MESSAGE][PASSED] - Wait for page load successfully

2019-01-22 16:44:01 - [TEST_STEP][PASSED] - waitForElementPresent(findTestObject("UI/Client/Rule Editor/h1_ruleEditor"), 5): Object 'Object Repository/UI/Client/Rule Editor/h1_ruleEditor' is present

2019-01-22 16:44:01 - [MESSAGE][PASSED] - Object 'Object Repository/UI/Client/Rule Editor/h1_ruleEditor' is present

2019-01-22 16:44:01 - [TEST_STEP][PASSED] - pageTitle = getText(findTestObject("UI/Client/Rule Editor/h1_ruleEditor")): Text of object 'Object Repository/UI/Client/Rule Editor/h1_ruleEditor' is: 'Rule Editor'

2019-01-22 16:44:02 - [MESSAGE][PASSED] - Text of object 'Object Repository/UI/Client/Rule Editor/h1_ruleEditor' is: 'Rule Editor'

2019-01-22 16:44:02 - [TEST_STEP][PASSED] - verifyMatch(pageTitle, "Rule Editor", false): Actual text 'Rule Editor' and expected text 'Rule Editor' are matched 

2019-01-22 16:44:02 - [MESSAGE][PASSED] - Actual text 'Rule Editor' and expected text 'Rule Editor' are matched 

2019-01-22 16:44:02 - [TEST_STEP][PASSED] - delay(3): Delayed 3 second(s)

2019-01-22 16:44:05 - [MESSAGE][PASSED] - Delayed 3 second(s)

2019-01-22 16:44:05 - [TEST_STEP][PASSED] - waitForElementClickable(findTestObject("UI/Client/Rule Editor/Create Rule Set/a_createNewRuleSet"), 5): Object 'Object Repository/UI/Client/Rule Editor/Create Rule Set/a_createNewRuleSet' is clickable

2019-01-22 16:44:05 - [MESSAGE][PASSED] - Object 'Object Repository/UI/Client/Rule Editor/Create Rule Set/a_createNewRuleSet' is clickable

2019-01-22 16:44:05 - [TEST_STEP][PASSED] - click(findTestObject("UI/Client/Rule Editor/Create Rule Set/a_createNewRuleSet")): Object: 'Object Repository/UI/Client/Rule Editor/Create Rule Set/a_createNewRuleSet' is clicked on

2019-01-22 16:44:05 - [MESSAGE][PASSED] - Object: 'Object Repository/UI/Client/Rule Editor/Create Rule Set/a_createNewRuleSet' is clicked on

2019-01-22 16:44:05 - [TEST_STEP][PASSED] - delay(1): Delayed 1 second(s)

2019-01-22 16:44:06 - [MESSAGE][PASSED] - Delayed 1 second(s)

2019-01-22 16:44:06 - [TEST_STEP][PASSED] - waitForPageLoad(5): Wait for page load successfully

2019-01-22 16:44:06 - [MESSAGE][PASSED] - Wait for page load successfully

2019-01-22 16:44:06 - [TEST_STEP][PASSED] - waitForElementPresent(findTestObject("UI/Client/Rule Editor/Create Rule Set/h2_newRulesetForm"), 5): Object 'Object Repository/UI/Client/Rule Editor/Create Rule Set/h2_newRulesetForm' is present

2019-01-22 16:44:06 - [MESSAGE][PASSED] - Object 'Object Repository/UI/Client/Rule Editor/Create Rule Set/h2_newRulesetForm' is present

2019-01-22 16:44:06 - [TEST_STEP][PASSED] - formTitle = getText(findTestObject("UI/Client/Rule Editor/Create Rule Set/h2_newRulesetForm")): Text of object 'Object Repository/UI/Client/Rule Editor/Create Rule Set/h2_newRulesetForm' is: 'New Ruleset'

2019-01-22 16:44:06 - [MESSAGE][PASSED] - Text of object 'Object Repository/UI/Client/Rule Editor/Create Rule Set/h2_newRulesetForm' is: 'New Ruleset'

2019-01-22 16:44:06 - [TEST_STEP][PASSED] - verifyMatch(formTitle, "New Ruleset", false): Actual text 'New Ruleset' and expected text 'New Ruleset' are matched 

2019-01-22 16:44:06 - [MESSAGE][PASSED] - Actual text 'New Ruleset' and expected text 'New Ruleset' are matched 

2019-01-22 16:44:06 - [TEST_STEP][PASSED] - delay(3): Delayed 3 second(s)

2019-01-22 16:44:09 - [MESSAGE][PASSED] - Delayed 3 second(s)

2019-01-22 16:44:09 - [TEST_STEP][PASSED] - waitForElementVisible(findTestObject("UI/Client/Rule Editor/Create Rule Set/input_ruleSetName"), 5): Object 'Object Repository/UI/Client/Rule Editor/Create Rule Set/input_ruleSetName' is visible

2019-01-22 16:44:09 - [MESSAGE][PASSED] - Object 'Object Repository/UI/Client/Rule Editor/Create Rule Set/input_ruleSetName' is visible

2019-01-22 16:44:09 - [TEST_STEP][PASSED] - setText(findTestObject("UI/Client/Rule Editor/Create Rule Set/input_ruleSetName"), RULESETNAME): Text 'AAAA Rule Set' is set on object 'Object Repository/UI/Client/Rule Editor/Create Rule Set/input_ruleSetName'

2019-01-22 16:44:09 - [MESSAGE][PASSED] - Text 'AAAA Rule Set' is set on object 'Object Repository/UI/Client/Rule Editor/Create Rule Set/input_ruleSetName'

2019-01-22 16:44:09 - [TEST_STEP][PASSED] - delay(2): Delayed 2 second(s)

2019-01-22 16:44:11 - [MESSAGE][PASSED] - Delayed 2 second(s)

2019-01-22 16:44:11 - [TEST_STEP][PASSED] - waitForElementVisible(findTestObject("UI/Client/Rule Editor/Create Rule Set/input_validFromDate"), 5): Object 'Object Repository/UI/Client/Rule Editor/Create Rule Set/input_validFromDate' is visible

2019-01-22 16:44:11 - [MESSAGE][PASSED] - Object 'Object Repository/UI/Client/Rule Editor/Create Rule Set/input_validFromDate' is visible

2019-01-22 16:44:11 - [TEST_STEP][PASSED] - setText(findTestObject("UI/Client/Rule Editor/Create Rule Set/input_validFromDate"), VALIDFROM): Text '01/18/2019' is set on object 'Object Repository/UI/Client/Rule Editor/Create Rule Set/input_validFromDate'

2019-01-22 16:44:11 - [MESSAGE][PASSED] - Text '01/18/2019' is set on object 'Object Repository/UI/Client/Rule Editor/Create Rule Set/input_validFromDate'

2019-01-22 16:44:11 - [TEST_STEP][PASSED] - delay(2): Delayed 2 second(s)

2019-01-22 16:44:13 - [MESSAGE][PASSED] - Delayed 2 second(s)

2019-01-22 16:44:13 - [TEST_STEP][PASSED] - waitForElementVisible(findTestObject("UI/Client/Rule Editor/Create Rule Set/input_validToDate"), 5): Object 'Object Repository/UI/Client/Rule Editor/Create Rule Set/input_validToDate' is visible

2019-01-22 16:44:14 - [MESSAGE][PASSED] - Object 'Object Repository/UI/Client/Rule Editor/Create Rule Set/input_validToDate' is visible

2019-01-22 16:44:14 - [TEST_STEP][PASSED] - setText(findTestObject("UI/Client/Rule Editor/Create Rule Set/input_validToDate"), VALIDTO): Text '01/30/2019' is set on object 'Object Repository/UI/Client/Rule Editor/Create Rule Set/input_validToDate'

2019-01-22 16:44:14 - [MESSAGE][PASSED] - Text '01/30/2019' is set on object 'Object Repository/UI/Client/Rule Editor/Create Rule Set/input_validToDate'

2019-01-22 16:44:14 - [TEST_STEP][PASSED] - delay(2): Delayed 2 second(s)

2019-01-22 16:44:16 - [MESSAGE][PASSED] - Delayed 2 second(s)

2019-01-22 16:44:16 - [TEST_STEP][PASSED] - waitForElementClickable(findTestObject("UI/Client/Rule Editor/Create Rule Set/select_ruleSetType"), 5): Object 'Object Repository/UI/Client/Rule Editor/Create Rule Set/select_ruleSetType' is clickable

2019-01-22 16:44:16 - [MESSAGE][PASSED] - Object 'Object Repository/UI/Client/Rule Editor/Create Rule Set/select_ruleSetType' is clickable

2019-01-22 16:44:16 - [TEST_STEP][PASSED] - click(findTestObject("UI/Client/Rule Editor/Create Rule Set/select_ruleSetType")): Object: 'Object Repository/UI/Client/Rule Editor/Create Rule Set/select_ruleSetType' is clicked on

2019-01-22 16:44:16 - [MESSAGE][PASSED] - Object: 'Object Repository/UI/Client/Rule Editor/Create Rule Set/select_ruleSetType' is clicked on

2019-01-22 16:44:16 - [TEST_STEP][PASSED] - delay(2): Delayed 2 second(s)

2019-01-22 16:44:18 - [MESSAGE][PASSED] - Delayed 2 second(s)

2019-01-22 16:44:18 - [TEST_STEP][PASSED] - waitForElementPresent(findTestObject("UI/Client/Rule Editor/Create Rule Set/option_claimType"), 5): Object 'Object Repository/UI/Client/Rule Editor/Create Rule Set/option_claimType' is present

2019-01-22 16:44:18 - [MESSAGE][PASSED] - Object 'Object Repository/UI/Client/Rule Editor/Create Rule Set/option_claimType' is present

2019-01-22 16:44:18 - [TEST_STEP][PASSED] - waitForElementVisible(findTestObject("UI/Client/Rule Editor/Create Rule Set/option_claimType"), 5): Object 'Object Repository/UI/Client/Rule Editor/Create Rule Set/option_claimType' is visible

2019-01-22 16:44:18 - [MESSAGE][PASSED] - Object 'Object Repository/UI/Client/Rule Editor/Create Rule Set/option_claimType' is visible

2019-01-22 16:44:18 - [TEST_STEP][PASSED] - sendKeys(findTestObject("UI/Client/Rule Editor/Create Rule Set/option_claimType"), Keys.chord(ENTER)): Keys 'ENTER + ' sent to object: 'Object Repository/UI/Client/Rule Editor/Create Rule Set/option_claimType'

2019-01-22 16:44:18 - [MESSAGE][PASSED] - Keys 'ENTER + ' sent to object: 'Object Repository/UI/Client/Rule Editor/Create Rule Set/option_claimType'

2019-01-22 16:44:18 - [TEST_STEP][PASSED] - delay(2): Delayed 2 second(s)

2019-01-22 16:44:20 - [MESSAGE][PASSED] - Delayed 2 second(s)

2019-01-22 16:44:20 - [TEST_STEP][PASSED] - waitForElementClickable(findTestObject("UI/Client/Rule Editor/Create Rule Set/button_saveRuleSet"), 5): Object 'Object Repository/UI/Client/Rule Editor/Create Rule Set/button_saveRuleSet' is clickable

2019-01-22 16:44:20 - [MESSAGE][PASSED] - Object 'Object Repository/UI/Client/Rule Editor/Create Rule Set/button_saveRuleSet' is clickable

2019-01-22 16:44:20 - [TEST_STEP][PASSED] - click(findTestObject("UI/Client/Rule Editor/Create Rule Set/button_saveRuleSet")): Object: 'Object Repository/UI/Client/Rule Editor/Create Rule Set/button_saveRuleSet' is clicked on

2019-01-22 16:44:20 - [MESSAGE][PASSED] - Object: 'Object Repository/UI/Client/Rule Editor/Create Rule Set/button_saveRuleSet' is clicked on

2019-01-22 16:44:20 - [TEST_STEP][PASSED] - delay(1): Delayed 1 second(s)

2019-01-22 16:44:21 - [MESSAGE][PASSED] - Delayed 1 second(s)

2019-01-22 16:44:21 - [TEST_STEP][PASSED] - waitForPageLoad(5): Wait for page load successfully

2019-01-22 16:44:21 - [MESSAGE][PASSED] - Wait for page load successfully

2019-01-22 16:44:21 - [TEST_STEP][PASSED] - waitForElementPresent(findTestObject("UI/Client/Rule Editor/Create Rule Set/div_alertRuleSetSaved"), 5): Object 'Object Repository/UI/Client/Rule Editor/Create Rule Set/div_alertRuleSetSaved' is present

2019-01-22 16:44:21 - [MESSAGE][PASSED] - Object 'Object Repository/UI/Client/Rule Editor/Create Rule Set/div_alertRuleSetSaved' is present

2019-01-22 16:44:21 - [TEST_STEP][PASSED] - waitForElementVisible(findTestObject("UI/Client/Rule Editor/Create Rule Set/div_alertRuleSetSaved"), 5): Object 'Object Repository/UI/Client/Rule Editor/Create Rule Set/div_alertRuleSetSaved' is visible

2019-01-22 16:44:21 - [MESSAGE][PASSED] - Object 'Object Repository/UI/Client/Rule Editor/Create Rule Set/div_alertRuleSetSaved' is visible

2019-01-22 16:44:21 - [TEST_STEP][PASSED] - focus(findTestObject("UI/Client/Rule Editor/Create Rule Set/div_alertRuleSetSaved")): Object: 'Object Repository/UI/Client/Rule Editor/Create Rule Set/div_alertRuleSetSaved' is focused

2019-01-22 16:44:22 - [MESSAGE][PASSED] - Object: 'Object Repository/UI/Client/Rule Editor/Create Rule Set/div_alertRuleSetSaved' is focused

2019-01-22 16:44:22 - [TEST_STEP][PASSED] - click(findTestObject("UI/Client/Rule Editor/Create Rule Set/button_acceptRuleSetSavedPopUp")): Object: 'Object Repository/UI/Client/Rule Editor/Create Rule Set/button_acceptRuleSetSavedPopUp' is clicked on

2019-01-22 16:44:22 - [MESSAGE][PASSED] - Object: 'Object Repository/UI/Client/Rule Editor/Create Rule Set/button_acceptRuleSetSavedPopUp' is clicked on

2019-01-22 16:44:22 - [TEST_STEP][PASSED] - delay(3): Delayed 3 second(s)

2019-01-22 16:44:25 - [MESSAGE][PASSED] - Delayed 3 second(s)

2019-01-22 16:44:25 - [TEST_STEP][PASSED] - waitForPageLoad(5): Wait for page load successfully

2019-01-22 16:44:25 - [MESSAGE][PASSED] - Wait for page load successfully

2019-01-22 16:44:25 - [TEST_STEP][PASSED] - waitForElementPresent(findTestObject("UI/Client/Rule Editor/Create Rule Set/h2_editRulesetForm"), 5): Object 'Object Repository/UI/Client/Rule Editor/Create Rule Set/h2_editRulesetForm' is present

2019-01-22 16:44:25 - [MESSAGE][PASSED] - Object 'Object Repository/UI/Client/Rule Editor/Create Rule Set/h2_editRulesetForm' is present

2019-01-22 16:44:25 - [TEST_STEP][PASSED] - formTitle = getText(findTestObject("UI/Client/Rule Editor/Create Rule Set/h2_editRulesetForm")): Text of object 'Object Repository/UI/Client/Rule Editor/Create Rule Set/h2_editRulesetForm' is: 'Edit Ruleset'

2019-01-22 16:44:25 - [MESSAGE][PASSED] - Text of object 'Object Repository/UI/Client/Rule Editor/Create Rule Set/h2_editRulesetForm' is: 'Edit Ruleset'

2019-01-22 16:44:25 - [TEST_STEP][PASSED] - verifyMatch(formTitle, "Edit Ruleset", false): Actual text 'Edit Ruleset' and expected text 'Edit Ruleset' are matched 

2019-01-22 16:44:25 - [MESSAGE][PASSED] - Actual text 'Edit Ruleset' and expected text 'Edit Ruleset' are matched 

2019-01-22 16:44:25 - [TEST_STEP][PASSED] - delay(3): Delayed 3 second(s)

2019-01-22 16:44:28 - [MESSAGE][PASSED] - Delayed 3 second(s)

2019-01-22 16:44:28 - [TEST_STEP][PASSED] - verifyElementNotPresent(findTestObject("UI/Client/Rule Editor/Create Rule Set/span_noRulesYet"), 5): Web element with id: 'Object Repository/UI/Client/Rule Editor/Create Rule Set/span_noRulesYet' located by 'By.xpath: //div[@class="panel panel-primary"]//span[@class="handle"]' is not present after '5' second(s)

2019-01-22 16:44:28 - [MESSAGE][PASSED] - Web element with id: 'Object Repository/UI/Client/Rule Editor/Create Rule Set/span_noRulesYet' located by 'By.xpath: //div[@class="panel panel-primary"]//span[@class="handle"]' is not present after '5' second(s)

2019-01-22 16:44:28 - [TEST_STEP][PASSED] - delay(3): Delayed 3 second(s)

2019-01-22 16:44:31 - [MESSAGE][PASSED] - Delayed 3 second(s)

2019-01-22 16:44:31 - [TEST_STEP][PASSED] - waitForElementClickable(findTestObject("UI/Client/Rule Editor/Create Rule Set/a_addRuleToRuleSet"), 5): Object 'Object Repository/UI/Client/Rule Editor/Create Rule Set/a_addRuleToRuleSet' is clickable

2019-01-22 16:44:31 - [MESSAGE][PASSED] - Object 'Object Repository/UI/Client/Rule Editor/Create Rule Set/a_addRuleToRuleSet' is clickable

2019-01-22 16:44:31 - [TEST_STEP][PASSED] - click(findTestObject("UI/Client/Rule Editor/Create Rule Set/a_addRuleToRuleSet")): Object: 'Object Repository/UI/Client/Rule Editor/Create Rule Set/a_addRuleToRuleSet' is clicked on

2019-01-22 16:44:31 - [MESSAGE][PASSED] - Object: 'Object Repository/UI/Client/Rule Editor/Create Rule Set/a_addRuleToRuleSet' is clicked on

2019-01-22 16:44:31 - [TEST_STEP][PASSED] - delay(1): Delayed 1 second(s)

2019-01-22 16:44:32 - [MESSAGE][PASSED] - Delayed 1 second(s)

2019-01-22 16:44:32 - [TEST_STEP][PASSED] - waitForPageLoad(5): Wait for page load successfully

2019-01-22 16:44:32 - [MESSAGE][PASSED] - Wait for page load successfully

2019-01-22 16:44:32 - [TEST_STEP][PASSED] - waitForElementPresent(findTestObject("UI/Client/Rule Editor/Create Rule Set/h2_newRulesForm"), 5): Object 'Object Repository/UI/Client/Rule Editor/Create Rule Set/h2_newRulesForm' is present

2019-01-22 16:44:32 - [MESSAGE][PASSED] - Object 'Object Repository/UI/Client/Rule Editor/Create Rule Set/h2_newRulesForm' is present

2019-01-22 16:44:32 - [TEST_STEP][PASSED] - formTitle = getText(findTestObject("UI/Client/Rule Editor/Create Rule Set/h2_newRulesForm")): Text of object 'Object Repository/UI/Client/Rule Editor/Create Rule Set/h2_newRulesForm' is: 'New Rules'

2019-01-22 16:44:32 - [MESSAGE][PASSED] - Text of object 'Object Repository/UI/Client/Rule Editor/Create Rule Set/h2_newRulesForm' is: 'New Rules'

2019-01-22 16:44:32 - [TEST_STEP][PASSED] - verifyMatch(formTitle, "New Rules", false): Actual text 'New Rules' and expected text 'New Rules' are matched 

2019-01-22 16:44:32 - [MESSAGE][PASSED] - Actual text 'New Rules' and expected text 'New Rules' are matched 

2019-01-22 16:44:32 - [TEST_STEP][PASSED] - delay(3): Delayed 3 second(s)

2019-01-22 16:44:35 - [MESSAGE][PASSED] - Delayed 3 second(s)

2019-01-22 16:44:35 - [TEST_STEP][PASSED] - waitForElementVisible(findTestObject("UI/Client/Rule Editor/Create Rule Set/input_ruleName"), 5): Object 'Object Repository/UI/Client/Rule Editor/Create Rule Set/input_ruleName' is visible

2019-01-22 16:44:35 - [MESSAGE][PASSED] - Object 'Object Repository/UI/Client/Rule Editor/Create Rule Set/input_ruleName' is visible

2019-01-22 16:44:35 - [TEST_STEP][PASSED] - setText(findTestObject("UI/Client/Rule Editor/Create Rule Set/input_ruleName"), RULENAME): Text 'First Rule' is set on object 'Object Repository/UI/Client/Rule Editor/Create Rule Set/input_ruleName'

2019-01-22 16:44:36 - [MESSAGE][PASSED] - Text 'First Rule' is set on object 'Object Repository/UI/Client/Rule Editor/Create Rule Set/input_ruleName'

2019-01-22 16:44:36 - [TEST_STEP][PASSED] - delay(2): Delayed 2 second(s)

2019-01-22 16:44:38 - [MESSAGE][PASSED] - Delayed 2 second(s)

2019-01-22 16:44:38 - [TEST_STEP][PASSED] - waitForElementClickable(findTestObject("UI/Client/Rule Editor/Create Rule Set/select_addCondition"), 5): Object 'Object Repository/UI/Client/Rule Editor/Create Rule Set/select_addCondition' is clickable

2019-01-22 16:44:38 - [MESSAGE][PASSED] - Object 'Object Repository/UI/Client/Rule Editor/Create Rule Set/select_addCondition' is clickable

2019-01-22 16:44:38 - [TEST_STEP][PASSED] - click(findTestObject("UI/Client/Rule Editor/Create Rule Set/select_addCondition")): Object: 'Object Repository/UI/Client/Rule Editor/Create Rule Set/select_addCondition' is clicked on

2019-01-22 16:44:38 - [MESSAGE][PASSED] - Object: 'Object Repository/UI/Client/Rule Editor/Create Rule Set/select_addCondition' is clicked on

2019-01-22 16:44:38 - [TEST_STEP][PASSED] - delay(2): Delayed 2 second(s)

2019-01-22 16:44:40 - [MESSAGE][PASSED] - Delayed 2 second(s)

2019-01-22 16:44:40 - [TEST_STEP][PASSED] - waitForElementPresent(findTestObject("UI/Client/Rule Editor/Create Rule Set/option_conditionType"), 5): Object 'Object Repository/UI/Client/Rule Editor/Create Rule Set/option_conditionType' is present

2019-01-22 16:44:40 - [MESSAGE][PASSED] - Object 'Object Repository/UI/Client/Rule Editor/Create Rule Set/option_conditionType' is present

2019-01-22 16:44:40 - [TEST_STEP][PASSED] - waitForElementVisible(findTestObject("UI/Client/Rule Editor/Create Rule Set/option_conditionType"), 5): Object 'Object Repository/UI/Client/Rule Editor/Create Rule Set/option_conditionType' is visible

2019-01-22 16:44:40 - [MESSAGE][PASSED] - Object 'Object Repository/UI/Client/Rule Editor/Create Rule Set/option_conditionType' is visible

2019-01-22 16:44:40 - [TEST_STEP][PASSED] - sendKeys(findTestObject("UI/Client/Rule Editor/Create Rule Set/option_conditionType"), Keys.chord(ENTER)): Keys 'ENTER + ' sent to object: 'Object Repository/UI/Client/Rule Editor/Create Rule Set/option_conditionType'

2019-01-22 16:44:40 - [MESSAGE][PASSED] - Keys 'ENTER + ' sent to object: 'Object Repository/UI/Client/Rule Editor/Create Rule Set/option_conditionType'

2019-01-22 16:44:40 - [TEST_STEP][PASSED] - delay(2): Delayed 2 second(s)

2019-01-22 16:44:42 - [MESSAGE][PASSED] - Delayed 2 second(s)

2019-01-22 16:44:42 - [TEST_STEP][PASSED] - waitForElementClickable(findTestObject("UI/Client/Rule Editor/Create Rule Set/select_addAction"), 5): Object 'Object Repository/UI/Client/Rule Editor/Create Rule Set/select_addAction' is clickable

2019-01-22 16:44:42 - [MESSAGE][PASSED] - Object 'Object Repository/UI/Client/Rule Editor/Create Rule Set/select_addAction' is clickable

2019-01-22 16:44:42 - [TEST_STEP][PASSED] - click(findTestObject("UI/Client/Rule Editor/Create Rule Set/select_addAction")): Object: 'Object Repository/UI/Client/Rule Editor/Create Rule Set/select_addAction' is clicked on

2019-01-22 16:44:42 - [MESSAGE][PASSED] - Object: 'Object Repository/UI/Client/Rule Editor/Create Rule Set/select_addAction' is clicked on

2019-01-22 16:44:42 - [TEST_STEP][PASSED] - delay(2): Delayed 2 second(s)

2019-01-22 16:44:44 - [MESSAGE][PASSED] - Delayed 2 second(s)

2019-01-22 16:44:44 - [TEST_STEP][PASSED] - waitForElementPresent(findTestObject("UI/Client/Rule Editor/Create Rule Set/option_actionType"), 5): Object 'Object Repository/UI/Client/Rule Editor/Create Rule Set/option_actionType' is present

2019-01-22 16:44:44 - [MESSAGE][PASSED] - Object 'Object Repository/UI/Client/Rule Editor/Create Rule Set/option_actionType' is present

2019-01-22 16:44:44 - [TEST_STEP][PASSED] - waitForElementVisible(findTestObject("UI/Client/Rule Editor/Create Rule Set/option_actionType"), 5): Object 'Object Repository/UI/Client/Rule Editor/Create Rule Set/option_actionType' is visible

2019-01-22 16:44:44 - [MESSAGE][PASSED] - Object 'Object Repository/UI/Client/Rule Editor/Create Rule Set/option_actionType' is visible

2019-01-22 16:44:44 - [TEST_STEP][PASSED] - sendKeys(findTestObject("UI/Client/Rule Editor/Create Rule Set/option_actionType"), Keys.chord(ENTER)): Keys 'ENTER + ' sent to object: 'Object Repository/UI/Client/Rule Editor/Create Rule Set/option_actionType'

2019-01-22 16:44:44 - [MESSAGE][PASSED] - Keys 'ENTER + ' sent to object: 'Object Repository/UI/Client/Rule Editor/Create Rule Set/option_actionType'

2019-01-22 16:44:44 - [TEST_STEP][PASSED] - delay(2): Delayed 2 second(s)

2019-01-22 16:44:46 - [MESSAGE][PASSED] - Delayed 2 second(s)

2019-01-22 16:44:46 - [TEST_STEP][PASSED] - waitForElementClickable(findTestObject("UI/Client/Rule Editor/Create Rule Set/button_saveRule"), 5): Object 'Object Repository/UI/Client/Rule Editor/Create Rule Set/button_saveRule' is clickable

2019-01-22 16:44:46 - [MESSAGE][PASSED] - Object 'Object Repository/UI/Client/Rule Editor/Create Rule Set/button_saveRule' is clickable

2019-01-22 16:44:46 - [TEST_STEP][PASSED] - click(findTestObject("UI/Client/Rule Editor/Create Rule Set/button_saveRule")): Object: 'Object Repository/UI/Client/Rule Editor/Create Rule Set/button_saveRule' is clicked on

2019-01-22 16:44:46 - [MESSAGE][PASSED] - Object: 'Object Repository/UI/Client/Rule Editor/Create Rule Set/button_saveRule' is clicked on

2019-01-22 16:44:46 - [TEST_STEP][PASSED] - delay(1): Delayed 1 second(s)

2019-01-22 16:44:47 - [MESSAGE][PASSED] - Delayed 1 second(s)

2019-01-22 16:44:47 - [TEST_STEP][PASSED] - waitForPageLoad(5): Wait for page load successfully

2019-01-22 16:44:47 - [MESSAGE][PASSED] - Wait for page load successfully

2019-01-22 16:44:47 - [TEST_STEP][PASSED] - verifyElementPresent(findTestObject("UI/Client/Rule Editor/Create Rule Set/span_firstRule"), 5): Object 'Object Repository/UI/Client/Rule Editor/Create Rule Set/span_firstRule' is present

2019-01-22 16:44:47 - [MESSAGE][PASSED] - Object 'Object Repository/UI/Client/Rule Editor/Create Rule Set/span_firstRule' is present

2019-01-22 16:44:47 - [TEST_STEP][PASSED] - delay(2): Delayed 2 second(s)

2019-01-22 16:44:49 - [MESSAGE][PASSED] - Delayed 2 second(s)

2019-01-22 16:44:49 - [TEST_STEP][PASSED] - waitForElementClickable(findTestObject("UI/Client/Rule Editor/Create Rule Set/button_saveRuleSet"), 5): Object 'Object Repository/UI/Client/Rule Editor/Create Rule Set/button_saveRuleSet' is clickable

2019-01-22 16:44:49 - [MESSAGE][PASSED] - Object 'Object Repository/UI/Client/Rule Editor/Create Rule Set/button_saveRuleSet' is clickable

2019-01-22 16:44:49 - [TEST_STEP][PASSED] - click(findTestObject("UI/Client/Rule Editor/Create Rule Set/button_saveRuleSet")): Object: 'Object Repository/UI/Client/Rule Editor/Create Rule Set/button_saveRuleSet' is clicked on

2019-01-22 16:44:50 - [MESSAGE][PASSED] - Object: 'Object Repository/UI/Client/Rule Editor/Create Rule Set/button_saveRuleSet' is clicked on

2019-01-22 16:44:50 - [TEST_STEP][PASSED] - delay(1): Delayed 1 second(s)

2019-01-22 16:44:51 - [MESSAGE][PASSED] - Delayed 1 second(s)

2019-01-22 16:44:51 - [TEST_STEP][PASSED] - waitForPageLoad(5): Wait for page load successfully

2019-01-22 16:44:51 - [MESSAGE][PASSED] - Wait for page load successfully

2019-01-22 16:44:51 - [TEST_STEP][PASSED] - waitForElementPresent(findTestObject("UI/Client/Rule Editor/Create Rule Set/div_alertRuleAdded"), 5): Object 'Object Repository/UI/Client/Rule Editor/Create Rule Set/div_alertRuleAdded' is present

2019-01-22 16:44:51 - [MESSAGE][PASSED] - Object 'Object Repository/UI/Client/Rule Editor/Create Rule Set/div_alertRuleAdded' is present

2019-01-22 16:44:51 - [TEST_STEP][PASSED] - waitForElementVisible(findTestObject("UI/Client/Rule Editor/Create Rule Set/div_alertRuleAdded"), 5): Object 'Object Repository/UI/Client/Rule Editor/Create Rule Set/div_alertRuleAdded' is visible

2019-01-22 16:44:51 - [MESSAGE][PASSED] - Object 'Object Repository/UI/Client/Rule Editor/Create Rule Set/div_alertRuleAdded' is visible

2019-01-22 16:44:51 - [TEST_STEP][PASSED] - focus(findTestObject("UI/Client/Rule Editor/Create Rule Set/div_alertRuleAdded")): Object: 'Object Repository/UI/Client/Rule Editor/Create Rule Set/div_alertRuleAdded' is focused

2019-01-22 16:44:51 - [MESSAGE][PASSED] - Object: 'Object Repository/UI/Client/Rule Editor/Create Rule Set/div_alertRuleAdded' is focused

2019-01-22 16:44:51 - [TEST_STEP][PASSED] - click(findTestObject("UI/Client/Rule Editor/Create Rule Set/button_acceptRuleAddedPopUp")): Object: 'Object Repository/UI/Client/Rule Editor/Create Rule Set/button_acceptRuleAddedPopUp' is clicked on

2019-01-22 16:44:51 - [MESSAGE][PASSED] - Object: 'Object Repository/UI/Client/Rule Editor/Create Rule Set/button_acceptRuleAddedPopUp' is clicked on

2019-01-22 16:44:51 - [TEST_STEP][PASSED] - delay(1): Delayed 1 second(s)

2019-01-22 16:44:52 - [MESSAGE][PASSED] - Delayed 1 second(s)

2019-01-22 16:44:52 - [TEST_STEP][PASSED] - waitForPageLoad(5): Wait for page load successfully

2019-01-22 16:44:52 - [MESSAGE][PASSED] - Wait for page load successfully

2019-01-22 16:44:52 - [TEST_STEP][PASSED] - delay(3): Delayed 3 second(s)

2019-01-22 16:44:55 - [MESSAGE][PASSED] - Delayed 3 second(s)

2019-01-22 16:44:55 - [TEST_STEP][PASSED] - waitForElementPresent(findTestObject("UI/Client/Rule Editor/Create Rule Set/td_ruleSetAddedList"), 5): Object 'Object Repository/UI/Client/Rule Editor/Create Rule Set/td_ruleSetAddedList' is present

2019-01-22 16:44:55 - [MESSAGE][PASSED] - Object 'Object Repository/UI/Client/Rule Editor/Create Rule Set/td_ruleSetAddedList' is present

2019-01-22 16:44:55 - [TEST_STEP][PASSED] - firstRuleSetName = getText(findTestObject("UI/Client/Rule Editor/Create Rule Set/td_ruleSetAddedList")): Text of object 'Object Repository/UI/Client/Rule Editor/Create Rule Set/td_ruleSetAddedList' is: 'AAAA Rule Set'

2019-01-22 16:44:55 - [MESSAGE][PASSED] - Text of object 'Object Repository/UI/Client/Rule Editor/Create Rule Set/td_ruleSetAddedList' is: 'AAAA Rule Set'

2019-01-22 16:44:55 - [TEST_STEP][PASSED] - verifyMatch(firstRuleSetName, RULESETNAME, false): Actual text 'AAAA Rule Set' and expected text 'AAAA Rule Set' are matched 

2019-01-22 16:44:55 - [MESSAGE][PASSED] - Actual text 'AAAA Rule Set' and expected text 'AAAA Rule Set' are matched 

2019-01-22 16:44:55 - [TEST_STEP][PASSED] - delay(3): Delayed 3 second(s)

2019-01-22 16:44:58 - [MESSAGE][PASSED] - Delayed 3 second(s)

2019-01-22 16:44:58 - [TEST_STEP][PASSED] - waitForElementClickable(findTestObject("UI/General/Log/a_userAvatar"), 5): Object 'Object Repository/UI/General/Log/a_userAvatar' is clickable

2019-01-22 16:44:58 - [MESSAGE][PASSED] - Object 'Object Repository/UI/General/Log/a_userAvatar' is clickable

2019-01-22 16:44:58 - [TEST_STEP][PASSED] - click(findTestObject("UI/General/Log/a_userAvatar")): Object: 'Object Repository/UI/General/Log/a_userAvatar' is clicked on

2019-01-22 16:44:58 - [MESSAGE][PASSED] - Object: 'Object Repository/UI/General/Log/a_userAvatar' is clicked on

2019-01-22 16:44:58 - [TEST_STEP][PASSED] - delay(1): Delayed 1 second(s)

2019-01-22 16:44:59 - [MESSAGE][PASSED] - Delayed 1 second(s)

2019-01-22 16:44:59 - [TEST_STEP][PASSED] - waitForElementClickable(findTestObject("UI/General/Log/a_signOutAMPS"), 5): Object 'Object Repository/UI/General/Log/a_signOutAMPS' is clickable

2019-01-22 16:44:59 - [MESSAGE][PASSED] - Object 'Object Repository/UI/General/Log/a_signOutAMPS' is clickable

2019-01-22 16:44:59 - [TEST_STEP][PASSED] - click(findTestObject("UI/General/Log/a_signOutAMPS")): Object: 'Object Repository/UI/General/Log/a_signOutAMPS' is clicked on

2019-01-22 16:44:59 - [MESSAGE][PASSED] - Object: 'Object Repository/UI/General/Log/a_signOutAMPS' is clicked on

2019-01-22 16:44:59 - [TEST_STEP][PASSED] - delay(1): Delayed 1 second(s)

2019-01-22 16:45:00 - [MESSAGE][PASSED] - Delayed 1 second(s)

2019-01-22 16:45:00 - [TEST_STEP][PASSED] - closeBrowser(): Browser is closed

2019-01-22 16:45:01 - [MESSAGE][PASSED] - Browser is closed]]></system-out>
         <system-err><![CDATA[]]></system-err>
      </testcase>
      <testcase name="Test Cases/UI/Client/Rule Editor/Edit Rule Set" classname="Test Cases/UI/Client/Rule Editor/Edit Rule Set" status="PASSED">
         <system-out><![CDATA[2019-01-22 16:45:01 - [TEST_CASE][PASSED] - Test Cases/UI/Client/Rule Editor/Edit Rule Set: Test Cases/UI/Client/Rule Editor/Edit Rule Set

2019-01-22 16:45:01 - [TEST_STEP][PASSED] - UAT = "https://uat.advancedpricing.com": null

2019-01-22 16:45:01 - [TEST_STEP][PASSED] - USER = "qaAuto": null

2019-01-22 16:45:01 - [TEST_STEP][PASSED] - PASSWD = "a9yk100dD": null

2019-01-22 16:45:01 - [TEST_STEP][PASSED] - RULESETNAME = "AAAA Rule Set EDITED": null

2019-01-22 16:45:01 - [TEST_STEP][PASSED] - VALIDFROM = "01/02/2019": null

2019-01-22 16:45:01 - [TEST_STEP][PASSED] - VALIDTO = "12/31/2019": null

2019-01-22 16:45:01 - [TEST_STEP][PASSED] - RULESETTYPE = "Claim": null

2019-01-22 16:45:01 - [TEST_STEP][PASSED] - RULENAME = "Second Rule": null

2019-01-22 16:45:01 - [TEST_STEP][PASSED] - openBrowser(""): Browser is opened with url: ''

2019-01-22 16:45:01 - [MESSAGE][INFO] - Starting 'Chrome' driver

2019-01-22 16:45:03 - [MESSAGE][PASSED] - Browser is opened with url: ''

2019-01-22 16:45:03 - [TEST_STEP][PASSED] - maximizeWindow(): Current window maximized

2019-01-22 16:45:05 - [MESSAGE][PASSED] - Current window maximized

2019-01-22 16:45:05 - [TEST_STEP][PASSED] - navigateToUrl(UAT): Navigate to 'https://uat.advancedpricing.com' successfully

2019-01-22 16:45:06 - [MESSAGE][PASSED] - Navigate to 'https://uat.advancedpricing.com' successfully

2019-01-22 16:45:06 - [TEST_STEP][PASSED] - waitForPageLoad(5): Wait for page load successfully

2019-01-22 16:45:06 - [MESSAGE][PASSED] - Wait for page load successfully

2019-01-22 16:45:06 - [TEST_STEP][PASSED] - setText(findTestObject("UI/Client/Claim Services/input_userCode"), USER): Text 'qaAuto' is set on object 'Object Repository/UI/Client/Claim Services/input_userCode'

2019-01-22 16:45:06 - [MESSAGE][PASSED] - Text 'qaAuto' is set on object 'Object Repository/UI/Client/Claim Services/input_userCode'

2019-01-22 16:45:06 - [TEST_STEP][PASSED] - setText(findTestObject("UI/Client/Claim Services/input_userPassword"), PASSWD): Text 'a9yk100dD' is set on object 'Object Repository/UI/Client/Claim Services/input_userPassword'

2019-01-22 16:45:06 - [MESSAGE][PASSED] - Text 'a9yk100dD' is set on object 'Object Repository/UI/Client/Claim Services/input_userPassword'

2019-01-22 16:45:06 - [TEST_STEP][PASSED] - waitForElementClickable(findTestObject("UI/Client/Claim Services/input_loginButton"), 5): Object 'Object Repository/UI/Client/Claim Services/input_loginButton' is clickable

2019-01-22 16:45:06 - [MESSAGE][PASSED] - Object 'Object Repository/UI/Client/Claim Services/input_loginButton' is clickable

2019-01-22 16:45:06 - [TEST_STEP][PASSED] - click(findTestObject("UI/Client/Claim Services/input_loginButton")): Object: 'Object Repository/UI/Client/Claim Services/input_loginButton' is clicked on

2019-01-22 16:45:06 - [MESSAGE][PASSED] - Object: 'Object Repository/UI/Client/Claim Services/input_loginButton' is clicked on

2019-01-22 16:45:06 - [TEST_STEP][PASSED] - delay(1): Delayed 1 second(s)

2019-01-22 16:45:07 - [MESSAGE][PASSED] - Delayed 1 second(s)

2019-01-22 16:45:07 - [TEST_STEP][PASSED] - waitForPageLoad(5): Wait for page load successfully

2019-01-22 16:45:08 - [MESSAGE][PASSED] - Wait for page load successfully

2019-01-22 16:45:08 - [TEST_STEP][PASSED] - waitForElementPresent(findTestObject("UI/Client/Rule Editor/h1_Clients"), 5): Object 'Object Repository/UI/Client/Rule Editor/h1_Clients' is present

2019-01-22 16:45:08 - [MESSAGE][PASSED] - Object 'Object Repository/UI/Client/Rule Editor/h1_Clients' is present

2019-01-22 16:45:08 - [TEST_STEP][PASSED] - pageTitle = getText(findTestObject("UI/Client/Rule Editor/h1_Clients")): Text of object 'Object Repository/UI/Client/Rule Editor/h1_Clients' is: 'Clients'

2019-01-22 16:45:08 - [MESSAGE][PASSED] - Text of object 'Object Repository/UI/Client/Rule Editor/h1_Clients' is: 'Clients'

2019-01-22 16:45:08 - [TEST_STEP][PASSED] - verifyMatch(pageTitle, "Clients", false): Actual text 'Clients' and expected text 'Clients' are matched 

2019-01-22 16:45:08 - [MESSAGE][PASSED] - Actual text 'Clients' and expected text 'Clients' are matched 

2019-01-22 16:45:08 - [TEST_STEP][PASSED] - delay(3): Delayed 3 second(s)

2019-01-22 16:45:11 - [MESSAGE][PASSED] - Delayed 3 second(s)

2019-01-22 16:45:11 - [TEST_STEP][PASSED] - waitForElementClickable(findTestObject("UI/Client/Rule Editor/span_ruleEditorMenu"), 5): Object 'Object Repository/UI/Client/Rule Editor/span_ruleEditorMenu' is clickable

2019-01-22 16:45:11 - [MESSAGE][PASSED] - Object 'Object Repository/UI/Client/Rule Editor/span_ruleEditorMenu' is clickable

2019-01-22 16:45:11 - [TEST_STEP][PASSED] - click(findTestObject("UI/Client/Rule Editor/span_ruleEditorMenu")): Object: 'Object Repository/UI/Client/Rule Editor/span_ruleEditorMenu' is clicked on

2019-01-22 16:45:11 - [MESSAGE][PASSED] - Object: 'Object Repository/UI/Client/Rule Editor/span_ruleEditorMenu' is clicked on

2019-01-22 16:45:11 - [TEST_STEP][PASSED] - delay(1): Delayed 1 second(s)

2019-01-22 16:45:12 - [MESSAGE][PASSED] - Delayed 1 second(s)

2019-01-22 16:45:12 - [TEST_STEP][PASSED] - waitForPageLoad(5): Wait for page load successfully

2019-01-22 16:45:12 - [MESSAGE][PASSED] - Wait for page load successfully

2019-01-22 16:45:12 - [TEST_STEP][PASSED] - waitForElementPresent(findTestObject("UI/Client/Rule Editor/h1_ruleEditor"), 5): Object 'Object Repository/UI/Client/Rule Editor/h1_ruleEditor' is present

2019-01-22 16:45:12 - [MESSAGE][PASSED] - Object 'Object Repository/UI/Client/Rule Editor/h1_ruleEditor' is present

2019-01-22 16:45:12 - [TEST_STEP][PASSED] - pageTitle = getText(findTestObject("UI/Client/Rule Editor/h1_ruleEditor")): Text of object 'Object Repository/UI/Client/Rule Editor/h1_ruleEditor' is: 'Rule Editor'

2019-01-22 16:45:12 - [MESSAGE][PASSED] - Text of object 'Object Repository/UI/Client/Rule Editor/h1_ruleEditor' is: 'Rule Editor'

2019-01-22 16:45:12 - [TEST_STEP][PASSED] - verifyMatch(pageTitle, "Rule Editor", false): Actual text 'Rule Editor' and expected text 'Rule Editor' are matched 

2019-01-22 16:45:12 - [MESSAGE][PASSED] - Actual text 'Rule Editor' and expected text 'Rule Editor' are matched 

2019-01-22 16:45:12 - [TEST_STEP][PASSED] - delay(3): Delayed 3 second(s)

2019-01-22 16:45:15 - [MESSAGE][PASSED] - Delayed 3 second(s)

2019-01-22 16:45:15 - [TEST_STEP][PASSED] - waitForElementClickable(findTestObject("UI/Client/Rule Editor/Edit Rule Set/a_editRuleSetIcon"), 5): Object 'Object Repository/UI/Client/Rule Editor/Edit Rule Set/a_editRuleSetIcon' is clickable

2019-01-22 16:45:15 - [MESSAGE][PASSED] - Object 'Object Repository/UI/Client/Rule Editor/Edit Rule Set/a_editRuleSetIcon' is clickable

2019-01-22 16:45:15 - [TEST_STEP][PASSED] - click(findTestObject("UI/Client/Rule Editor/Edit Rule Set/a_editRuleSetIcon")): Object: 'Object Repository/UI/Client/Rule Editor/Edit Rule Set/a_editRuleSetIcon' is clicked on

2019-01-22 16:45:15 - [MESSAGE][PASSED] - Object: 'Object Repository/UI/Client/Rule Editor/Edit Rule Set/a_editRuleSetIcon' is clicked on

2019-01-22 16:45:15 - [TEST_STEP][PASSED] - delay(1): Delayed 1 second(s)

2019-01-22 16:45:16 - [MESSAGE][PASSED] - Delayed 1 second(s)

2019-01-22 16:45:16 - [TEST_STEP][PASSED] - waitForPageLoad(5): Wait for page load successfully

2019-01-22 16:45:16 - [MESSAGE][PASSED] - Wait for page load successfully

2019-01-22 16:45:16 - [TEST_STEP][PASSED] - waitForElementPresent(findTestObject("UI/Client/Rule Editor/Create Rule Set/h2_editRulesetForm"), 5): Object 'Object Repository/UI/Client/Rule Editor/Create Rule Set/h2_editRulesetForm' is present

2019-01-22 16:45:16 - [MESSAGE][PASSED] - Object 'Object Repository/UI/Client/Rule Editor/Create Rule Set/h2_editRulesetForm' is present

2019-01-22 16:45:16 - [TEST_STEP][PASSED] - formTitle = getText(findTestObject("UI/Client/Rule Editor/Create Rule Set/h2_editRulesetForm")): Text of object 'Object Repository/UI/Client/Rule Editor/Create Rule Set/h2_editRulesetForm' is: 'Edit Ruleset'

2019-01-22 16:45:16 - [MESSAGE][PASSED] - Text of object 'Object Repository/UI/Client/Rule Editor/Create Rule Set/h2_editRulesetForm' is: 'Edit Ruleset'

2019-01-22 16:45:16 - [TEST_STEP][PASSED] - verifyMatch(formTitle, "Edit Ruleset", false): Actual text 'Edit Ruleset' and expected text 'Edit Ruleset' are matched 

2019-01-22 16:45:16 - [MESSAGE][PASSED] - Actual text 'Edit Ruleset' and expected text 'Edit Ruleset' are matched 

2019-01-22 16:45:16 - [TEST_STEP][PASSED] - delay(3): Delayed 3 second(s)

2019-01-22 16:45:19 - [MESSAGE][PASSED] - Delayed 3 second(s)

2019-01-22 16:45:19 - [TEST_STEP][PASSED] - waitForElementVisible(findTestObject("UI/Client/Rule Editor/Create Rule Set/input_ruleSetName"), 5): Object 'Object Repository/UI/Client/Rule Editor/Create Rule Set/input_ruleSetName' is visible

2019-01-22 16:45:19 - [MESSAGE][PASSED] - Object 'Object Repository/UI/Client/Rule Editor/Create Rule Set/input_ruleSetName' is visible

2019-01-22 16:45:19 - [TEST_STEP][PASSED] - setText(findTestObject("UI/Client/Rule Editor/Create Rule Set/input_ruleSetName"), RULESETNAME): Text 'AAAA Rule Set EDITED' is set on object 'Object Repository/UI/Client/Rule Editor/Create Rule Set/input_ruleSetName'

2019-01-22 16:45:20 - [MESSAGE][PASSED] - Text 'AAAA Rule Set EDITED' is set on object 'Object Repository/UI/Client/Rule Editor/Create Rule Set/input_ruleSetName'

2019-01-22 16:45:20 - [TEST_STEP][PASSED] - delay(2): Delayed 2 second(s)

2019-01-22 16:45:22 - [MESSAGE][PASSED] - Delayed 2 second(s)

2019-01-22 16:45:22 - [TEST_STEP][PASSED] - click(findTestObject("UI/Client/Rule Editor/Edit Rule Set/span_clearValidFrom")): Object: 'Object Repository/UI/Client/Rule Editor/Edit Rule Set/span_clearValidFrom' is clicked on

2019-01-22 16:45:22 - [MESSAGE][PASSED] - Object: 'Object Repository/UI/Client/Rule Editor/Edit Rule Set/span_clearValidFrom' is clicked on

2019-01-22 16:45:22 - [TEST_STEP][PASSED] - delay(1): Delayed 1 second(s)

2019-01-22 16:45:23 - [MESSAGE][PASSED] - Delayed 1 second(s)

2019-01-22 16:45:23 - [TEST_STEP][PASSED] - waitForElementVisible(findTestObject("UI/Client/Rule Editor/Create Rule Set/input_validFromDate"), 5): Object 'Object Repository/UI/Client/Rule Editor/Create Rule Set/input_validFromDate' is visible

2019-01-22 16:45:23 - [MESSAGE][PASSED] - Object 'Object Repository/UI/Client/Rule Editor/Create Rule Set/input_validFromDate' is visible

2019-01-22 16:45:23 - [TEST_STEP][PASSED] - setText(findTestObject("UI/Client/Rule Editor/Create Rule Set/input_validFromDate"), VALIDFROM): Text '01/02/2019' is set on object 'Object Repository/UI/Client/Rule Editor/Create Rule Set/input_validFromDate'

2019-01-22 16:45:23 - [MESSAGE][PASSED] - Text '01/02/2019' is set on object 'Object Repository/UI/Client/Rule Editor/Create Rule Set/input_validFromDate'

2019-01-22 16:45:23 - [TEST_STEP][PASSED] - delay(2): Delayed 2 second(s)

2019-01-22 16:45:25 - [MESSAGE][PASSED] - Delayed 2 second(s)

2019-01-22 16:45:25 - [TEST_STEP][PASSED] - click(findTestObject("UI/Client/Rule Editor/Edit Rule Set/span_clearValidTo")): Object: 'Object Repository/UI/Client/Rule Editor/Edit Rule Set/span_clearValidTo' is clicked on

2019-01-22 16:45:25 - [MESSAGE][PASSED] - Object: 'Object Repository/UI/Client/Rule Editor/Edit Rule Set/span_clearValidTo' is clicked on

2019-01-22 16:45:25 - [TEST_STEP][PASSED] - delay(1): Delayed 1 second(s)

2019-01-22 16:45:26 - [MESSAGE][PASSED] - Delayed 1 second(s)

2019-01-22 16:45:26 - [TEST_STEP][PASSED] - waitForElementVisible(findTestObject("UI/Client/Rule Editor/Create Rule Set/input_validToDate"), 5): Object 'Object Repository/UI/Client/Rule Editor/Create Rule Set/input_validToDate' is visible

2019-01-22 16:45:26 - [MESSAGE][PASSED] - Object 'Object Repository/UI/Client/Rule Editor/Create Rule Set/input_validToDate' is visible

2019-01-22 16:45:26 - [TEST_STEP][PASSED] - setText(findTestObject("UI/Client/Rule Editor/Create Rule Set/input_validToDate"), VALIDTO): Text '12/31/2019' is set on object 'Object Repository/UI/Client/Rule Editor/Create Rule Set/input_validToDate'

2019-01-22 16:45:27 - [MESSAGE][PASSED] - Text '12/31/2019' is set on object 'Object Repository/UI/Client/Rule Editor/Create Rule Set/input_validToDate'

2019-01-22 16:45:27 - [TEST_STEP][PASSED] - delay(2): Delayed 2 second(s)

2019-01-22 16:45:29 - [MESSAGE][PASSED] - Delayed 2 second(s)

2019-01-22 16:45:29 - [TEST_STEP][PASSED] - waitForElementClickable(findTestObject("UI/Client/Rule Editor/Create Rule Set/button_saveRuleSet"), 5): Object 'Object Repository/UI/Client/Rule Editor/Create Rule Set/button_saveRuleSet' is clickable

2019-01-22 16:45:29 - [MESSAGE][PASSED] - Object 'Object Repository/UI/Client/Rule Editor/Create Rule Set/button_saveRuleSet' is clickable

2019-01-22 16:45:29 - [TEST_STEP][PASSED] - click(findTestObject("UI/Client/Rule Editor/Create Rule Set/button_saveRuleSet")): Object: 'Object Repository/UI/Client/Rule Editor/Create Rule Set/button_saveRuleSet' is clicked on

2019-01-22 16:45:29 - [MESSAGE][PASSED] - Object: 'Object Repository/UI/Client/Rule Editor/Create Rule Set/button_saveRuleSet' is clicked on

2019-01-22 16:45:29 - [TEST_STEP][PASSED] - delay(1): Delayed 1 second(s)

2019-01-22 16:45:30 - [MESSAGE][PASSED] - Delayed 1 second(s)

2019-01-22 16:45:30 - [TEST_STEP][PASSED] - waitForPageLoad(5): Wait for page load successfully

2019-01-22 16:45:30 - [MESSAGE][PASSED] - Wait for page load successfully

2019-01-22 16:45:30 - [TEST_STEP][PASSED] - waitForElementPresent(findTestObject("UI/Client/Rule Editor/Create Rule Set/div_alertRuleAdded"), 5): Object 'Object Repository/UI/Client/Rule Editor/Create Rule Set/div_alertRuleAdded' is present

2019-01-22 16:45:30 - [MESSAGE][PASSED] - Object 'Object Repository/UI/Client/Rule Editor/Create Rule Set/div_alertRuleAdded' is present

2019-01-22 16:45:30 - [TEST_STEP][PASSED] - waitForElementVisible(findTestObject("UI/Client/Rule Editor/Create Rule Set/div_alertRuleAdded"), 5): Object 'Object Repository/UI/Client/Rule Editor/Create Rule Set/div_alertRuleAdded' is visible

2019-01-22 16:45:30 - [MESSAGE][PASSED] - Object 'Object Repository/UI/Client/Rule Editor/Create Rule Set/div_alertRuleAdded' is visible

2019-01-22 16:45:30 - [TEST_STEP][PASSED] - focus(findTestObject("UI/Client/Rule Editor/Create Rule Set/div_alertRuleAdded")): Object: 'Object Repository/UI/Client/Rule Editor/Create Rule Set/div_alertRuleAdded' is focused

2019-01-22 16:45:30 - [MESSAGE][PASSED] - Object: 'Object Repository/UI/Client/Rule Editor/Create Rule Set/div_alertRuleAdded' is focused

2019-01-22 16:45:30 - [TEST_STEP][PASSED] - click(findTestObject("UI/Client/Rule Editor/Create Rule Set/button_acceptRuleAddedPopUp")): Object: 'Object Repository/UI/Client/Rule Editor/Create Rule Set/button_acceptRuleAddedPopUp' is clicked on

2019-01-22 16:45:30 - [MESSAGE][PASSED] - Object: 'Object Repository/UI/Client/Rule Editor/Create Rule Set/button_acceptRuleAddedPopUp' is clicked on

2019-01-22 16:45:30 - [TEST_STEP][PASSED] - delay(1): Delayed 1 second(s)

2019-01-22 16:45:31 - [MESSAGE][PASSED] - Delayed 1 second(s)

2019-01-22 16:45:31 - [TEST_STEP][PASSED] - waitForPageLoad(5): Wait for page load successfully

2019-01-22 16:45:31 - [MESSAGE][PASSED] - Wait for page load successfully

2019-01-22 16:45:31 - [TEST_STEP][PASSED] - delay(3): Delayed 3 second(s)

2019-01-22 16:45:34 - [MESSAGE][PASSED] - Delayed 3 second(s)

2019-01-22 16:45:34 - [TEST_STEP][PASSED] - waitForElementPresent(findTestObject("UI/Client/Rule Editor/Create Rule Set/td_ruleSetAddedList"), 5): Object 'Object Repository/UI/Client/Rule Editor/Create Rule Set/td_ruleSetAddedList' is present

2019-01-22 16:45:34 - [MESSAGE][PASSED] - Object 'Object Repository/UI/Client/Rule Editor/Create Rule Set/td_ruleSetAddedList' is present

2019-01-22 16:45:34 - [TEST_STEP][PASSED] - firstRuleSetName = getText(findTestObject("UI/Client/Rule Editor/Create Rule Set/td_ruleSetAddedList")): Text of object 'Object Repository/UI/Client/Rule Editor/Create Rule Set/td_ruleSetAddedList' is: 'AAAA Rule Set EDITED'

2019-01-22 16:45:34 - [MESSAGE][PASSED] - Text of object 'Object Repository/UI/Client/Rule Editor/Create Rule Set/td_ruleSetAddedList' is: 'AAAA Rule Set EDITED'

2019-01-22 16:45:34 - [TEST_STEP][PASSED] - verifyMatch(firstRuleSetName, RULESETNAME, false): Actual text 'AAAA Rule Set EDITED' and expected text 'AAAA Rule Set EDITED' are matched 

2019-01-22 16:45:34 - [MESSAGE][PASSED] - Actual text 'AAAA Rule Set EDITED' and expected text 'AAAA Rule Set EDITED' are matched 

2019-01-22 16:45:34 - [TEST_STEP][PASSED] - delay(3): Delayed 3 second(s)

2019-01-22 16:45:37 - [MESSAGE][PASSED] - Delayed 3 second(s)

2019-01-22 16:45:37 - [TEST_STEP][PASSED] - waitForElementClickable(findTestObject("UI/Client/Rule Editor/Edit Rule Set/a_editRuleSetIcon"), 5): Object 'Object Repository/UI/Client/Rule Editor/Edit Rule Set/a_editRuleSetIcon' is clickable

2019-01-22 16:45:37 - [MESSAGE][PASSED] - Object 'Object Repository/UI/Client/Rule Editor/Edit Rule Set/a_editRuleSetIcon' is clickable

2019-01-22 16:45:37 - [TEST_STEP][PASSED] - click(findTestObject("UI/Client/Rule Editor/Edit Rule Set/a_editRuleSetIcon")): Object: 'Object Repository/UI/Client/Rule Editor/Edit Rule Set/a_editRuleSetIcon' is clicked on

2019-01-22 16:45:37 - [MESSAGE][PASSED] - Object: 'Object Repository/UI/Client/Rule Editor/Edit Rule Set/a_editRuleSetIcon' is clicked on

2019-01-22 16:45:37 - [TEST_STEP][PASSED] - delay(1): Delayed 1 second(s)

2019-01-22 16:45:38 - [MESSAGE][PASSED] - Delayed 1 second(s)

2019-01-22 16:45:38 - [TEST_STEP][PASSED] - waitForPageLoad(5): Wait for page load successfully

2019-01-22 16:45:38 - [MESSAGE][PASSED] - Wait for page load successfully

2019-01-22 16:45:38 - [TEST_STEP][PASSED] - waitForElementClickable(findTestObject("UI/Client/Rule Editor/Create Rule Set/a_addRuleToRuleSet"), 5): Object 'Object Repository/UI/Client/Rule Editor/Create Rule Set/a_addRuleToRuleSet' is clickable

2019-01-22 16:45:38 - [MESSAGE][PASSED] - Object 'Object Repository/UI/Client/Rule Editor/Create Rule Set/a_addRuleToRuleSet' is clickable

2019-01-22 16:45:38 - [TEST_STEP][PASSED] - click(findTestObject("UI/Client/Rule Editor/Create Rule Set/a_addRuleToRuleSet")): Object: 'Object Repository/UI/Client/Rule Editor/Create Rule Set/a_addRuleToRuleSet' is clicked on

2019-01-22 16:45:39 - [MESSAGE][PASSED] - Object: 'Object Repository/UI/Client/Rule Editor/Create Rule Set/a_addRuleToRuleSet' is clicked on

2019-01-22 16:45:39 - [TEST_STEP][PASSED] - delay(1): Delayed 1 second(s)

2019-01-22 16:45:40 - [MESSAGE][PASSED] - Delayed 1 second(s)

2019-01-22 16:45:40 - [TEST_STEP][PASSED] - waitForPageLoad(5): Wait for page load successfully

2019-01-22 16:45:40 - [MESSAGE][PASSED] - Wait for page load successfully

2019-01-22 16:45:40 - [TEST_STEP][PASSED] - waitForElementPresent(findTestObject("UI/Client/Rule Editor/Create Rule Set/h2_newRulesForm"), 5): Object 'Object Repository/UI/Client/Rule Editor/Create Rule Set/h2_newRulesForm' is present

2019-01-22 16:45:40 - [MESSAGE][PASSED] - Object 'Object Repository/UI/Client/Rule Editor/Create Rule Set/h2_newRulesForm' is present

2019-01-22 16:45:40 - [TEST_STEP][PASSED] - formTitle = getText(findTestObject("UI/Client/Rule Editor/Create Rule Set/h2_newRulesForm")): Text of object 'Object Repository/UI/Client/Rule Editor/Create Rule Set/h2_newRulesForm' is: 'New Rules'

2019-01-22 16:45:40 - [MESSAGE][PASSED] - Text of object 'Object Repository/UI/Client/Rule Editor/Create Rule Set/h2_newRulesForm' is: 'New Rules'

2019-01-22 16:45:40 - [TEST_STEP][PASSED] - verifyMatch(formTitle, "New Rules", false): Actual text 'New Rules' and expected text 'New Rules' are matched 

2019-01-22 16:45:40 - [MESSAGE][PASSED] - Actual text 'New Rules' and expected text 'New Rules' are matched 

2019-01-22 16:45:40 - [TEST_STEP][PASSED] - delay(3): Delayed 3 second(s)

2019-01-22 16:45:43 - [MESSAGE][PASSED] - Delayed 3 second(s)

2019-01-22 16:45:43 - [TEST_STEP][PASSED] - waitForElementVisible(findTestObject("UI/Client/Rule Editor/Create Rule Set/input_ruleName"), 5): Object 'Object Repository/UI/Client/Rule Editor/Create Rule Set/input_ruleName' is visible

2019-01-22 16:45:43 - [MESSAGE][PASSED] - Object 'Object Repository/UI/Client/Rule Editor/Create Rule Set/input_ruleName' is visible

2019-01-22 16:45:43 - [TEST_STEP][PASSED] - setText(findTestObject("UI/Client/Rule Editor/Create Rule Set/input_ruleName"), RULENAME): Text 'Second Rule' is set on object 'Object Repository/UI/Client/Rule Editor/Create Rule Set/input_ruleName'

2019-01-22 16:45:43 - [MESSAGE][PASSED] - Text 'Second Rule' is set on object 'Object Repository/UI/Client/Rule Editor/Create Rule Set/input_ruleName'

2019-01-22 16:45:43 - [TEST_STEP][PASSED] - delay(2): Delayed 2 second(s)

2019-01-22 16:45:45 - [MESSAGE][PASSED] - Delayed 2 second(s)

2019-01-22 16:45:45 - [TEST_STEP][PASSED] - waitForElementClickable(findTestObject("UI/Client/Rule Editor/Create Rule Set/select_addCondition"), 5): Object 'Object Repository/UI/Client/Rule Editor/Create Rule Set/select_addCondition' is clickable

2019-01-22 16:45:45 - [MESSAGE][PASSED] - Object 'Object Repository/UI/Client/Rule Editor/Create Rule Set/select_addCondition' is clickable

2019-01-22 16:45:45 - [TEST_STEP][PASSED] - click(findTestObject("UI/Client/Rule Editor/Create Rule Set/select_addCondition")): Object: 'Object Repository/UI/Client/Rule Editor/Create Rule Set/select_addCondition' is clicked on

2019-01-22 16:45:45 - [MESSAGE][PASSED] - Object: 'Object Repository/UI/Client/Rule Editor/Create Rule Set/select_addCondition' is clicked on

2019-01-22 16:45:45 - [TEST_STEP][PASSED] - delay(2): Delayed 2 second(s)

2019-01-22 16:45:47 - [MESSAGE][PASSED] - Delayed 2 second(s)

2019-01-22 16:45:47 - [TEST_STEP][PASSED] - waitForElementPresent(findTestObject("UI/Client/Rule Editor/Create Rule Set/option_conditionType"), 5): Object 'Object Repository/UI/Client/Rule Editor/Create Rule Set/option_conditionType' is present

2019-01-22 16:45:47 - [MESSAGE][PASSED] - Object 'Object Repository/UI/Client/Rule Editor/Create Rule Set/option_conditionType' is present

2019-01-22 16:45:47 - [TEST_STEP][PASSED] - waitForElementVisible(findTestObject("UI/Client/Rule Editor/Create Rule Set/option_conditionType"), 5): Object 'Object Repository/UI/Client/Rule Editor/Create Rule Set/option_conditionType' is visible

2019-01-22 16:45:47 - [MESSAGE][PASSED] - Object 'Object Repository/UI/Client/Rule Editor/Create Rule Set/option_conditionType' is visible

2019-01-22 16:45:47 - [TEST_STEP][PASSED] - sendKeys(findTestObject("UI/Client/Rule Editor/Create Rule Set/option_conditionType"), Keys.chord(ENTER)): Keys 'ENTER + ' sent to object: 'Object Repository/UI/Client/Rule Editor/Create Rule Set/option_conditionType'

2019-01-22 16:45:47 - [MESSAGE][PASSED] - Keys 'ENTER + ' sent to object: 'Object Repository/UI/Client/Rule Editor/Create Rule Set/option_conditionType'

2019-01-22 16:45:47 - [TEST_STEP][PASSED] - delay(2): Delayed 2 second(s)

2019-01-22 16:45:49 - [MESSAGE][PASSED] - Delayed 2 second(s)

2019-01-22 16:45:49 - [TEST_STEP][PASSED] - waitForElementClickable(findTestObject("UI/Client/Rule Editor/Create Rule Set/select_addAction"), 5): Object 'Object Repository/UI/Client/Rule Editor/Create Rule Set/select_addAction' is clickable

2019-01-22 16:45:49 - [MESSAGE][PASSED] - Object 'Object Repository/UI/Client/Rule Editor/Create Rule Set/select_addAction' is clickable

2019-01-22 16:45:49 - [TEST_STEP][PASSED] - click(findTestObject("UI/Client/Rule Editor/Create Rule Set/select_addAction")): Object: 'Object Repository/UI/Client/Rule Editor/Create Rule Set/select_addAction' is clicked on

2019-01-22 16:45:49 - [MESSAGE][PASSED] - Object: 'Object Repository/UI/Client/Rule Editor/Create Rule Set/select_addAction' is clicked on

2019-01-22 16:45:49 - [TEST_STEP][PASSED] - delay(2): Delayed 2 second(s)

2019-01-22 16:45:51 - [MESSAGE][PASSED] - Delayed 2 second(s)

2019-01-22 16:45:51 - [TEST_STEP][PASSED] - waitForElementPresent(findTestObject("UI/Client/Rule Editor/Create Rule Set/option_actionType"), 5): Object 'Object Repository/UI/Client/Rule Editor/Create Rule Set/option_actionType' is present

2019-01-22 16:45:52 - [MESSAGE][PASSED] - Object 'Object Repository/UI/Client/Rule Editor/Create Rule Set/option_actionType' is present

2019-01-22 16:45:52 - [TEST_STEP][PASSED] - waitForElementVisible(findTestObject("UI/Client/Rule Editor/Create Rule Set/option_actionType"), 5): Object 'Object Repository/UI/Client/Rule Editor/Create Rule Set/option_actionType' is visible

2019-01-22 16:45:52 - [MESSAGE][PASSED] - Object 'Object Repository/UI/Client/Rule Editor/Create Rule Set/option_actionType' is visible

2019-01-22 16:45:52 - [TEST_STEP][PASSED] - sendKeys(findTestObject("UI/Client/Rule Editor/Create Rule Set/option_actionType"), Keys.chord(ENTER)): Keys 'ENTER + ' sent to object: 'Object Repository/UI/Client/Rule Editor/Create Rule Set/option_actionType'

2019-01-22 16:45:52 - [MESSAGE][PASSED] - Keys 'ENTER + ' sent to object: 'Object Repository/UI/Client/Rule Editor/Create Rule Set/option_actionType'

2019-01-22 16:45:52 - [TEST_STEP][PASSED] - delay(2): Delayed 2 second(s)

2019-01-22 16:45:54 - [MESSAGE][PASSED] - Delayed 2 second(s)

2019-01-22 16:45:54 - [TEST_STEP][PASSED] - waitForElementClickable(findTestObject("UI/Client/Rule Editor/Create Rule Set/button_saveRule"), 5): Object 'Object Repository/UI/Client/Rule Editor/Create Rule Set/button_saveRule' is clickable

2019-01-22 16:45:54 - [MESSAGE][PASSED] - Object 'Object Repository/UI/Client/Rule Editor/Create Rule Set/button_saveRule' is clickable

2019-01-22 16:45:54 - [TEST_STEP][PASSED] - click(findTestObject("UI/Client/Rule Editor/Create Rule Set/button_saveRule")): Object: 'Object Repository/UI/Client/Rule Editor/Create Rule Set/button_saveRule' is clicked on

2019-01-22 16:45:54 - [MESSAGE][PASSED] - Object: 'Object Repository/UI/Client/Rule Editor/Create Rule Set/button_saveRule' is clicked on

2019-01-22 16:45:54 - [TEST_STEP][PASSED] - delay(1): Delayed 1 second(s)

2019-01-22 16:45:55 - [MESSAGE][PASSED] - Delayed 1 second(s)

2019-01-22 16:45:55 - [TEST_STEP][PASSED] - waitForPageLoad(5): Wait for page load successfully

2019-01-22 16:45:55 - [MESSAGE][PASSED] - Wait for page load successfully

2019-01-22 16:45:55 - [TEST_STEP][PASSED] - verifyElementPresent(findTestObject("UI/Client/Rule Editor/Create Rule Set/span_firstRule"), 5): Object 'Object Repository/UI/Client/Rule Editor/Create Rule Set/span_firstRule' is present

2019-01-22 16:45:55 - [MESSAGE][PASSED] - Object 'Object Repository/UI/Client/Rule Editor/Create Rule Set/span_firstRule' is present

2019-01-22 16:45:55 - [TEST_STEP][PASSED] - verifyElementPresent(findTestObject("UI/Client/Rule Editor/Create Rule Set/span_secondRule"), 5): Object 'Object Repository/UI/Client/Rule Editor/Create Rule Set/span_secondRule' is present

2019-01-22 16:45:55 - [MESSAGE][PASSED] - Object 'Object Repository/UI/Client/Rule Editor/Create Rule Set/span_secondRule' is present

2019-01-22 16:45:55 - [TEST_STEP][PASSED] - delay(2): Delayed 2 second(s)

2019-01-22 16:45:57 - [MESSAGE][PASSED] - Delayed 2 second(s)

2019-01-22 16:45:57 - [TEST_STEP][PASSED] - waitForElementClickable(findTestObject("UI/Client/Rule Editor/Create Rule Set/button_saveRuleSet"), 5): Object 'Object Repository/UI/Client/Rule Editor/Create Rule Set/button_saveRuleSet' is clickable

2019-01-22 16:45:57 - [MESSAGE][PASSED] - Object 'Object Repository/UI/Client/Rule Editor/Create Rule Set/button_saveRuleSet' is clickable

2019-01-22 16:45:57 - [TEST_STEP][PASSED] - click(findTestObject("UI/Client/Rule Editor/Create Rule Set/button_saveRuleSet")): Object: 'Object Repository/UI/Client/Rule Editor/Create Rule Set/button_saveRuleSet' is clicked on

2019-01-22 16:45:57 - [MESSAGE][PASSED] - Object: 'Object Repository/UI/Client/Rule Editor/Create Rule Set/button_saveRuleSet' is clicked on

2019-01-22 16:45:57 - [TEST_STEP][PASSED] - delay(1): Delayed 1 second(s)

2019-01-22 16:45:58 - [MESSAGE][PASSED] - Delayed 1 second(s)

2019-01-22 16:45:58 - [TEST_STEP][PASSED] - waitForPageLoad(5): Wait for page load successfully

2019-01-22 16:45:58 - [MESSAGE][PASSED] - Wait for page load successfully

2019-01-22 16:45:58 - [TEST_STEP][PASSED] - waitForElementPresent(findTestObject("UI/Client/Rule Editor/Create Rule Set/div_alertRuleAdded"), 5): Object 'Object Repository/UI/Client/Rule Editor/Create Rule Set/div_alertRuleAdded' is present

2019-01-22 16:45:58 - [MESSAGE][PASSED] - Object 'Object Repository/UI/Client/Rule Editor/Create Rule Set/div_alertRuleAdded' is present

2019-01-22 16:45:58 - [TEST_STEP][PASSED] - waitForElementVisible(findTestObject("UI/Client/Rule Editor/Create Rule Set/div_alertRuleAdded"), 5): Object 'Object Repository/UI/Client/Rule Editor/Create Rule Set/div_alertRuleAdded' is visible

2019-01-22 16:45:58 - [MESSAGE][PASSED] - Object 'Object Repository/UI/Client/Rule Editor/Create Rule Set/div_alertRuleAdded' is visible

2019-01-22 16:45:58 - [TEST_STEP][PASSED] - focus(findTestObject("UI/Client/Rule Editor/Create Rule Set/div_alertRuleAdded")): Object: 'Object Repository/UI/Client/Rule Editor/Create Rule Set/div_alertRuleAdded' is focused

2019-01-22 16:45:58 - [MESSAGE][PASSED] - Object: 'Object Repository/UI/Client/Rule Editor/Create Rule Set/div_alertRuleAdded' is focused

2019-01-22 16:45:58 - [TEST_STEP][PASSED] - click(findTestObject("UI/Client/Rule Editor/Create Rule Set/button_acceptRuleAddedPopUp")): Object: 'Object Repository/UI/Client/Rule Editor/Create Rule Set/button_acceptRuleAddedPopUp' is clicked on

2019-01-22 16:45:58 - [MESSAGE][PASSED] - Object: 'Object Repository/UI/Client/Rule Editor/Create Rule Set/button_acceptRuleAddedPopUp' is clicked on

2019-01-22 16:45:58 - [TEST_STEP][PASSED] - delay(1): Delayed 1 second(s)

2019-01-22 16:45:59 - [MESSAGE][PASSED] - Delayed 1 second(s)

2019-01-22 16:45:59 - [TEST_STEP][PASSED] - waitForPageLoad(5): Wait for page load successfully

2019-01-22 16:45:59 - [MESSAGE][PASSED] - Wait for page load successfully

2019-01-22 16:45:59 - [TEST_STEP][PASSED] - delay(3): Delayed 3 second(s)

2019-01-22 16:46:02 - [MESSAGE][PASSED] - Delayed 3 second(s)

2019-01-22 16:46:02 - [TEST_STEP][PASSED] - waitForElementPresent(findTestObject("UI/Client/Rule Editor/Create Rule Set/td_ruleSetAddedList"), 5): Object 'Object Repository/UI/Client/Rule Editor/Create Rule Set/td_ruleSetAddedList' is present

2019-01-22 16:46:02 - [MESSAGE][PASSED] - Object 'Object Repository/UI/Client/Rule Editor/Create Rule Set/td_ruleSetAddedList' is present

2019-01-22 16:46:02 - [TEST_STEP][PASSED] - firstRuleSetName = getText(findTestObject("UI/Client/Rule Editor/Create Rule Set/td_ruleSetAddedList")): Text of object 'Object Repository/UI/Client/Rule Editor/Create Rule Set/td_ruleSetAddedList' is: 'AAAA Rule Set EDITED'

2019-01-22 16:46:02 - [MESSAGE][PASSED] - Text of object 'Object Repository/UI/Client/Rule Editor/Create Rule Set/td_ruleSetAddedList' is: 'AAAA Rule Set EDITED'

2019-01-22 16:46:02 - [TEST_STEP][PASSED] - verifyMatch(firstRuleSetName, RULESETNAME, false): Actual text 'AAAA Rule Set EDITED' and expected text 'AAAA Rule Set EDITED' are matched 

2019-01-22 16:46:02 - [MESSAGE][PASSED] - Actual text 'AAAA Rule Set EDITED' and expected text 'AAAA Rule Set EDITED' are matched 

2019-01-22 16:46:02 - [TEST_STEP][PASSED] - delay(3): Delayed 3 second(s)

2019-01-22 16:46:05 - [MESSAGE][PASSED] - Delayed 3 second(s)

2019-01-22 16:46:05 - [TEST_STEP][PASSED] - waitForElementClickable(findTestObject("UI/General/Log/a_userAvatar"), 5): Object 'Object Repository/UI/General/Log/a_userAvatar' is clickable

2019-01-22 16:46:06 - [MESSAGE][PASSED] - Object 'Object Repository/UI/General/Log/a_userAvatar' is clickable

2019-01-22 16:46:06 - [TEST_STEP][PASSED] - click(findTestObject("UI/General/Log/a_userAvatar")): Object: 'Object Repository/UI/General/Log/a_userAvatar' is clicked on

2019-01-22 16:46:06 - [MESSAGE][PASSED] - Object: 'Object Repository/UI/General/Log/a_userAvatar' is clicked on

2019-01-22 16:46:06 - [TEST_STEP][PASSED] - delay(1): Delayed 1 second(s)

2019-01-22 16:46:07 - [MESSAGE][PASSED] - Delayed 1 second(s)

2019-01-22 16:46:07 - [TEST_STEP][PASSED] - waitForElementClickable(findTestObject("UI/General/Log/a_signOutAMPS"), 5): Object 'Object Repository/UI/General/Log/a_signOutAMPS' is clickable

2019-01-22 16:46:07 - [MESSAGE][PASSED] - Object 'Object Repository/UI/General/Log/a_signOutAMPS' is clickable

2019-01-22 16:46:07 - [TEST_STEP][PASSED] - click(findTestObject("UI/General/Log/a_signOutAMPS")): Object: 'Object Repository/UI/General/Log/a_signOutAMPS' is clicked on

2019-01-22 16:46:07 - [MESSAGE][PASSED] - Object: 'Object Repository/UI/General/Log/a_signOutAMPS' is clicked on

2019-01-22 16:46:07 - [TEST_STEP][PASSED] - delay(1): Delayed 1 second(s)

2019-01-22 16:46:08 - [MESSAGE][PASSED] - Delayed 1 second(s)

2019-01-22 16:46:08 - [TEST_STEP][PASSED] - closeBrowser(): Browser is closed

2019-01-22 16:46:08 - [MESSAGE][PASSED] - Browser is closed]]></system-out>
         <system-err><![CDATA[]]></system-err>
      </testcase>
      <testcase name="Test Cases/UI/Client/Rule Editor/Delete Rule Set" classname="Test Cases/UI/Client/Rule Editor/Delete Rule Set" status="PASSED">
         <system-out><![CDATA[2019-01-22 16:46:08 - [TEST_CASE][PASSED] - Test Cases/UI/Client/Rule Editor/Delete Rule Set: Test Cases/UI/Client/Rule Editor/Delete Rule Set

2019-01-22 16:46:09 - [TEST_STEP][PASSED] - UAT = "https://uat.advancedpricing.com": null

2019-01-22 16:46:09 - [TEST_STEP][PASSED] - USER = "qaAuto": null

2019-01-22 16:46:09 - [TEST_STEP][PASSED] - PASSWD = "a9yk100dD": null

2019-01-22 16:46:09 - [TEST_STEP][PASSED] - RULESETNAME = "AAAA Rule Set EDITED": null

2019-01-22 16:46:09 - [TEST_STEP][PASSED] - VALIDFROM = "01/02/2019": null

2019-01-22 16:46:09 - [TEST_STEP][PASSED] - VALIDTO = "12/31/2019": null

2019-01-22 16:46:09 - [TEST_STEP][PASSED] - RULESETTYPE = "Claim": null

2019-01-22 16:46:09 - [TEST_STEP][PASSED] - RULENAME = "Second Rule": null

2019-01-22 16:46:09 - [TEST_STEP][PASSED] - openBrowser(""): Browser is opened with url: ''

2019-01-22 16:46:09 - [MESSAGE][INFO] - Starting 'Chrome' driver

2019-01-22 16:46:11 - [MESSAGE][PASSED] - Browser is opened with url: ''

2019-01-22 16:46:11 - [TEST_STEP][PASSED] - maximizeWindow(): Current window maximized

2019-01-22 16:46:12 - [MESSAGE][PASSED] - Current window maximized

2019-01-22 16:46:12 - [TEST_STEP][PASSED] - navigateToUrl(UAT): Navigate to 'https://uat.advancedpricing.com' successfully

2019-01-22 16:46:14 - [MESSAGE][PASSED] - Navigate to 'https://uat.advancedpricing.com' successfully

2019-01-22 16:46:14 - [TEST_STEP][PASSED] - waitForPageLoad(5): Wait for page load successfully

2019-01-22 16:46:14 - [MESSAGE][PASSED] - Wait for page load successfully

2019-01-22 16:46:14 - [TEST_STEP][PASSED] - setText(findTestObject("UI/Client/Claim Services/input_userCode"), USER): Text 'qaAuto' is set on object 'Object Repository/UI/Client/Claim Services/input_userCode'

2019-01-22 16:46:14 - [MESSAGE][PASSED] - Text 'qaAuto' is set on object 'Object Repository/UI/Client/Claim Services/input_userCode'

2019-01-22 16:46:14 - [TEST_STEP][PASSED] - setText(findTestObject("UI/Client/Claim Services/input_userPassword"), PASSWD): Text 'a9yk100dD' is set on object 'Object Repository/UI/Client/Claim Services/input_userPassword'

2019-01-22 16:46:14 - [MESSAGE][PASSED] - Text 'a9yk100dD' is set on object 'Object Repository/UI/Client/Claim Services/input_userPassword'

2019-01-22 16:46:14 - [TEST_STEP][PASSED] - waitForElementClickable(findTestObject("UI/Client/Claim Services/input_loginButton"), 5): Object 'Object Repository/UI/Client/Claim Services/input_loginButton' is clickable

2019-01-22 16:46:14 - [MESSAGE][PASSED] - Object 'Object Repository/UI/Client/Claim Services/input_loginButton' is clickable

2019-01-22 16:46:14 - [TEST_STEP][PASSED] - click(findTestObject("UI/Client/Claim Services/input_loginButton")): Object: 'Object Repository/UI/Client/Claim Services/input_loginButton' is clicked on

2019-01-22 16:46:14 - [MESSAGE][PASSED] - Object: 'Object Repository/UI/Client/Claim Services/input_loginButton' is clicked on

2019-01-22 16:46:14 - [TEST_STEP][PASSED] - delay(1): Delayed 1 second(s)

2019-01-22 16:46:15 - [MESSAGE][PASSED] - Delayed 1 second(s)

2019-01-22 16:46:15 - [TEST_STEP][PASSED] - waitForPageLoad(5): Wait for page load successfully

2019-01-22 16:46:15 - [MESSAGE][PASSED] - Wait for page load successfully

2019-01-22 16:46:15 - [TEST_STEP][PASSED] - waitForElementPresent(findTestObject("UI/Client/Rule Editor/h1_Clients"), 5): Object 'Object Repository/UI/Client/Rule Editor/h1_Clients' is present

2019-01-22 16:46:15 - [MESSAGE][PASSED] - Object 'Object Repository/UI/Client/Rule Editor/h1_Clients' is present

2019-01-22 16:46:15 - [TEST_STEP][PASSED] - pageTitle = getText(findTestObject("UI/Client/Rule Editor/h1_Clients")): Text of object 'Object Repository/UI/Client/Rule Editor/h1_Clients' is: 'Clients'

2019-01-22 16:46:15 - [MESSAGE][PASSED] - Text of object 'Object Repository/UI/Client/Rule Editor/h1_Clients' is: 'Clients'

2019-01-22 16:46:15 - [TEST_STEP][PASSED] - verifyMatch(pageTitle, "Clients", false): Actual text 'Clients' and expected text 'Clients' are matched 

2019-01-22 16:46:15 - [MESSAGE][PASSED] - Actual text 'Clients' and expected text 'Clients' are matched 

2019-01-22 16:46:15 - [TEST_STEP][PASSED] - delay(3): Delayed 3 second(s)

2019-01-22 16:46:18 - [MESSAGE][PASSED] - Delayed 3 second(s)

2019-01-22 16:46:18 - [TEST_STEP][PASSED] - waitForElementClickable(findTestObject("UI/Client/Rule Editor/span_ruleEditorMenu"), 5): Object 'Object Repository/UI/Client/Rule Editor/span_ruleEditorMenu' is clickable

2019-01-22 16:46:18 - [MESSAGE][PASSED] - Object 'Object Repository/UI/Client/Rule Editor/span_ruleEditorMenu' is clickable

2019-01-22 16:46:18 - [TEST_STEP][PASSED] - click(findTestObject("UI/Client/Rule Editor/span_ruleEditorMenu")): Object: 'Object Repository/UI/Client/Rule Editor/span_ruleEditorMenu' is clicked on

2019-01-22 16:46:18 - [MESSAGE][PASSED] - Object: 'Object Repository/UI/Client/Rule Editor/span_ruleEditorMenu' is clicked on

2019-01-22 16:46:18 - [TEST_STEP][PASSED] - delay(1): Delayed 1 second(s)

2019-01-22 16:46:19 - [MESSAGE][PASSED] - Delayed 1 second(s)

2019-01-22 16:46:19 - [TEST_STEP][PASSED] - waitForPageLoad(5): Wait for page load successfully

2019-01-22 16:46:19 - [MESSAGE][PASSED] - Wait for page load successfully

2019-01-22 16:46:19 - [TEST_STEP][PASSED] - waitForElementPresent(findTestObject("UI/Client/Rule Editor/h1_ruleEditor"), 5): Object 'Object Repository/UI/Client/Rule Editor/h1_ruleEditor' is present

2019-01-22 16:46:19 - [MESSAGE][PASSED] - Object 'Object Repository/UI/Client/Rule Editor/h1_ruleEditor' is present

2019-01-22 16:46:19 - [TEST_STEP][PASSED] - pageTitle = getText(findTestObject("UI/Client/Rule Editor/h1_ruleEditor")): Text of object 'Object Repository/UI/Client/Rule Editor/h1_ruleEditor' is: 'Rule Editor'

2019-01-22 16:46:19 - [MESSAGE][PASSED] - Text of object 'Object Repository/UI/Client/Rule Editor/h1_ruleEditor' is: 'Rule Editor'

2019-01-22 16:46:19 - [TEST_STEP][PASSED] - verifyMatch(pageTitle, "Rule Editor", false): Actual text 'Rule Editor' and expected text 'Rule Editor' are matched 

2019-01-22 16:46:19 - [MESSAGE][PASSED] - Actual text 'Rule Editor' and expected text 'Rule Editor' are matched 

2019-01-22 16:46:19 - [TEST_STEP][PASSED] - delay(3): Delayed 3 second(s)

2019-01-22 16:46:22 - [MESSAGE][PASSED] - Delayed 3 second(s)

2019-01-22 16:46:22 - [TEST_STEP][PASSED] - waitForElementClickable(findTestObject("UI/Client/Rule Editor/Edit Rule Set/a_editRuleSetIcon"), 5): Object 'Object Repository/UI/Client/Rule Editor/Edit Rule Set/a_editRuleSetIcon' is clickable

2019-01-22 16:46:23 - [MESSAGE][PASSED] - Object 'Object Repository/UI/Client/Rule Editor/Edit Rule Set/a_editRuleSetIcon' is clickable

2019-01-22 16:46:23 - [TEST_STEP][PASSED] - click(findTestObject("UI/Client/Rule Editor/Edit Rule Set/a_editRuleSetIcon")): Object: 'Object Repository/UI/Client/Rule Editor/Edit Rule Set/a_editRuleSetIcon' is clicked on

2019-01-22 16:46:23 - [MESSAGE][PASSED] - Object: 'Object Repository/UI/Client/Rule Editor/Edit Rule Set/a_editRuleSetIcon' is clicked on

2019-01-22 16:46:23 - [TEST_STEP][PASSED] - delay(1): Delayed 1 second(s)

2019-01-22 16:46:24 - [MESSAGE][PASSED] - Delayed 1 second(s)

2019-01-22 16:46:24 - [TEST_STEP][PASSED] - waitForPageLoad(5): Wait for page load successfully

2019-01-22 16:46:24 - [MESSAGE][PASSED] - Wait for page load successfully

2019-01-22 16:46:24 - [TEST_STEP][PASSED] - waitForElementClickable(findTestObject("UI/Client/Rule Editor/Delete Rule Set/div_deleteRule"), 5): Object 'Object Repository/UI/Client/Rule Editor/Delete Rule Set/div_deleteRule' is clickable

2019-01-22 16:46:24 - [MESSAGE][PASSED] - Object 'Object Repository/UI/Client/Rule Editor/Delete Rule Set/div_deleteRule' is clickable

2019-01-22 16:46:24 - [TEST_STEP][PASSED] - click(findTestObject("UI/Client/Rule Editor/Delete Rule Set/div_deleteRule")): Object: 'Object Repository/UI/Client/Rule Editor/Delete Rule Set/div_deleteRule' is clicked on

2019-01-22 16:46:24 - [MESSAGE][PASSED] - Object: 'Object Repository/UI/Client/Rule Editor/Delete Rule Set/div_deleteRule' is clicked on

2019-01-22 16:46:24 - [TEST_STEP][PASSED] - delay(1): Delayed 1 second(s)

2019-01-22 16:46:25 - [MESSAGE][PASSED] - Delayed 1 second(s)

2019-01-22 16:46:25 - [TEST_STEP][PASSED] - waitForPageLoad(5): Wait for page load successfully

2019-01-22 16:46:25 - [MESSAGE][PASSED] - Wait for page load successfully

2019-01-22 16:46:25 - [TEST_STEP][PASSED] - waitForElementPresent(findTestObject("UI/Client/Rule Editor/Delete Rule Set/div_alertDeleteRule"), 5): Object 'Object Repository/UI/Client/Rule Editor/Delete Rule Set/div_alertDeleteRule' is present

2019-01-22 16:46:25 - [MESSAGE][PASSED] - Object 'Object Repository/UI/Client/Rule Editor/Delete Rule Set/div_alertDeleteRule' is present

2019-01-22 16:46:25 - [TEST_STEP][PASSED] - waitForElementVisible(findTestObject("UI/Client/Rule Editor/Delete Rule Set/div_alertDeleteRule"), 5): Object 'Object Repository/UI/Client/Rule Editor/Delete Rule Set/div_alertDeleteRule' is visible

2019-01-22 16:46:25 - [MESSAGE][PASSED] - Object 'Object Repository/UI/Client/Rule Editor/Delete Rule Set/div_alertDeleteRule' is visible

2019-01-22 16:46:25 - [TEST_STEP][PASSED] - focus(findTestObject("UI/Client/Rule Editor/Delete Rule Set/div_alertDeleteRule")): Object: 'Object Repository/UI/Client/Rule Editor/Delete Rule Set/div_alertDeleteRule' is focused

2019-01-22 16:46:25 - [MESSAGE][PASSED] - Object: 'Object Repository/UI/Client/Rule Editor/Delete Rule Set/div_alertDeleteRule' is focused

2019-01-22 16:46:25 - [TEST_STEP][PASSED] - click(findTestObject("UI/Client/Rule Editor/Delete Rule Set/button_confirmDeleteRule")): Object: 'Object Repository/UI/Client/Rule Editor/Delete Rule Set/button_confirmDeleteRule' is clicked on

2019-01-22 16:46:25 - [MESSAGE][PASSED] - Object: 'Object Repository/UI/Client/Rule Editor/Delete Rule Set/button_confirmDeleteRule' is clicked on

2019-01-22 16:46:25 - [TEST_STEP][PASSED] - delay(1): Delayed 1 second(s)

2019-01-22 16:46:26 - [MESSAGE][PASSED] - Delayed 1 second(s)

[...]

2019-01-22 16:46:45 - [MESSAGE][PASSED] - Object 'Object Repository/UI/Client/Rule Editor/Create Rule Set/td_ruleSetAddedList' is present

2019-01-22 16:46:45 - [TEST_STEP][PASSED] - firstRuleSetName = getText(findTestObject("UI/Client/Rule Editor/Create Rule Set/td_ruleSetAddedList")): Text of object 'Object Repository/UI/Client/Rule Editor/Create Rule Set/td_ruleSetAddedList' is: 'AMPS America'

2019-01-22 16:46:45 - [MESSAGE][PASSED] - Text of object 'Object Repository/UI/Client/Rule Editor/Create Rule Set/td_ruleSetAddedList' is: 'AMPS America'

2019-01-22 16:46:45 - [TEST_STEP][PASSED] - verifyNotMatch(firstRuleSetName, RULESETNAME, false): Actual text 'AMPS America' and expected text 'AAAA Rule Set EDITED' are not matched 

2019-01-22 16:46:45 - [MESSAGE][PASSED] - Actual text 'AMPS America' and expected text 'AAAA Rule Set EDITED' are not matched 

2019-01-22 16:46:45 - [TEST_STEP][PASSED] - delay(3): Delayed 3 second(s)

2019-01-22 16:46:48 - [MESSAGE][PASSED] - Delayed 3 second(s)

2019-01-22 16:46:48 - [TEST_STEP][PASSED] - waitForElementPresent(findTestObject("UI/Client/Rule Editor/Delete Rule Set/div_alertDeleteRule"), 5): Object 'Object Repository/UI/Client/Rule Editor/Delete Rule Set/div_alertDeleteRule' is present

2019-01-22 16:46:48 - [MESSAGE][PASSED] - Object 'Object Repository/UI/Client/Rule Editor/Delete Rule Set/div_alertDeleteRule' is present

2019-01-22 16:46:48 - [TEST_STEP][PASSED] - waitForElementVisible(findTestObject("UI/Client/Rule Editor/Delete Rule Set/div_alertDeleteRule"), 5): Object 'Object Repository/UI/Client/Rule Editor/Delete Rule Set/div_alertDeleteRule' is visible

2019-01-22 16:46:48 - [MESSAGE][PASSED] - Object 'Object Repository/UI/Client/Rule Editor/Delete Rule Set/div_alertDeleteRule' is visible

2019-01-22 16:46:48 - [TEST_STEP][PASSED] - focus(findTestObject("UI/Client/Rule Editor/Delete Rule Set/div_alertDeleteRule")): Object: 'Object Repository/UI/Client/Rule Editor/Delete Rule Set/div_alertDeleteRule' is focused

2019-01-22 16:46:48 - [MESSAGE][PASSED] - Object: 'Object Repository/UI/Client/Rule Editor/Delete Rule Set/div_alertDeleteRule' is focused

2019-01-22 16:46:48 - [TEST_STEP][PASSED] - click(findTestObject("UI/Client/Rule Editor/Delete Rule Set/button_confirmDeleteRule")): Object: 'Object Repository/UI/Client/Rule Editor/Delete Rule Set/button_confirmDeleteRule' is clicked on

2019-01-22 16:46:48 - [MESSAGE][PASSED] - Object: 'Object Repository/UI/Client/Rule Editor/Delete Rule Set/button_confirmDeleteRule' is clicked on

2019-01-22 16:46:48 - [TEST_STEP][PASSED] - delay(1): Delayed 1 second(s)

2019-01-22 16:46:49 - [MESSAGE][PASSED] - Delayed 1 second(s)

2019-01-22 16:46:49 - [TEST_STEP][PASSED] - waitForPageLoad(5): Wait for page load successfully

2019-01-22 16:46:49 - [MESSAGE][PASSED] - Wait for page load successfully

2019-01-22 16:46:49 - [TEST_STEP][PASSED] - delay(3): Delayed 3 second(s)

2019-01-22 16:46:52 - [MESSAGE][PASSED] - Delayed 3 second(s)

2019-01-22 16:46:52 - [TEST_STEP][PASSED] - waitForElementClickable(findTestObject("UI/General/Log/a_userAvatar"), 5): Object 'Object Repository/UI/General/Log/a_userAvatar' is clickable

2019-01-22 16:46:52 - [MESSAGE][PASSED] - Object 'Object Repository/UI/General/Log/a_userAvatar' is clickable

2019-01-22 16:46:52 - [TEST_STEP][PASSED] - click(findTestObject("UI/General/Log/a_userAvatar")): Object: 'Object Repository/UI/General/Log/a_userAvatar' is clicked on

2019-01-22 16:46:53 - [MESSAGE][PASSED] - Object: 'Object Repository/UI/General/Log/a_userAvatar' is clicked on

2019-01-22 16:46:53 - [TEST_STEP][PASSED] - delay(1): Delayed 1 second(s)

2019-01-22 16:46:54 - [MESSAGE][PASSED] - Delayed 1 second(s)

2019-01-22 16:46:54 - [TEST_STEP][PASSED] - waitForElementClickable(findTestObject("UI/General/Log/a_signOutAMPS"), 5): Object 'Object Repository/UI/General/Log/a_signOutAMPS' is clickable

2019-01-22 16:46:54 - [MESSAGE][PASSED] - Object 'Object Repository/UI/General/Log/a_signOutAMPS' is clickable

2019-01-22 16:46:54 - [TEST_STEP][PASSED] - click(findTestObject("UI/General/Log/a_signOutAMPS")): Object: 'Object Repository/UI/General/Log/a_signOutAMPS' is clicked on

2019-01-22 16:46:54 - [MESSAGE][PASSED] - Object: 'Object Repository/UI/General/Log/a_signOutAMPS' is clicked on

2019-01-22 16:46:54 - [TEST_STEP][PASSED] - delay(1): Delayed 1 second(s)

2019-01-22 16:46:55 - [MESSAGE][PASSED] - Delayed 1 second(s)

2019-01-22 16:46:55 - [TEST_STEP][PASSED] - closeBrowser(): Browser is closed

2019-01-22 16:46:55 - [MESSAGE][PASSED] - Browser is closed]]></system-out>
         <system-err><![CDATA[]]></system-err>
      </testcase>
      <testcase name="Test Cases/UI/Client/Rule Editor/Search for Rule Set" classname="Test Cases/UI/Client/Rule Editor/Search for Rule Set" status="PASSED">
         <system-out><![CDATA[2019-01-22 16:46:55 - [TEST_CASE][PASSED] - Test Cases/UI/Client/Rule Editor/Search for Rule Set: Test Cases/UI/Client/Rule Editor/Search for Rule Set

2019-01-22 16:46:56 - [TEST_STEP][PASSED] - UAT = "https://uat.advancedpricing.com": null

2019-01-22 16:46:56 - [TEST_STEP][PASSED] - USER = "qaAuto": null

2019-01-22 16:46:56 - [TEST_STEP][PASSED] - PASSWD = "a9yk100dD": null

2019-01-22 16:46:56 - [TEST_STEP][PASSED] - CLEAR = "": null

2019-01-22 16:46:56 - [TEST_STEP][PASSED] - RULESETNAME = "Arkansas": null

2019-01-22 16:46:56 - [TEST_STEP][PASSED] - RULESETNAME2 = "a": null

2019-01-22 16:46:56 - [TEST_STEP][PASSED] - INVALIDNAME = "QWERTY": null

2019-01-22 16:46:56 - [TEST_STEP][PASSED] - INVALIDNAME2 = "0000": null

2019-01-22 16:46:56 - [TEST_STEP][PASSED] - openBrowser(""): Browser is opened with url: ''

2019-01-22 16:46:56 - [MESSAGE][INFO] - Starting 'Chrome' driver

2019-01-22 16:46:58 - [MESSAGE][PASSED] - Browser is opened with url: ''

2019-01-22 16:46:58 - [TEST_STEP][PASSED] - maximizeWindow(): Current window maximized

2019-01-22 16:46:59 - [MESSAGE][PASSED] - Current window maximized

2019-01-22 16:46:59 - [TEST_STEP][PASSED] - navigateToUrl(UAT): Navigate to 'https://uat.advancedpricing.com' successfully

2019-01-22 16:47:00 - [MESSAGE][PASSED] - Navigate to 'https://uat.advancedpricing.com' successfully

2019-01-22 16:47:00 - [TEST_STEP][PASSED] - waitForPageLoad(5): Wait for page load successfully

2019-01-22 16:47:00 - [MESSAGE][PASSED] - Wait for page load successfully

2019-01-22 16:47:00 - [TEST_STEP][PASSED] - setText(findTestObject("UI/Client/Claim Services/input_userCode"), USER): Text 'qaAuto' is set on object 'Object Repository/UI/Client/Claim Services/input_userCode'

2019-01-22 16:47:00 - [MESSAGE][PASSED] - Text 'qaAuto' is set on object 'Object Repository/UI/Client/Claim Services/input_userCode'

2019-01-22 16:47:00 - [TEST_STEP][PASSED] - setText(findTestObject("UI/Client/Claim Services/input_userPassword"), PASSWD): Text 'a9yk100dD' is set on object 'Object Repository/UI/Client/Claim Services/input_userPassword'

2019-01-22 16:47:01 - [MESSAGE][PASSED] - Text 'a9yk100dD' is set on object 'Object Repository/UI/Client/Claim Services/input_userPassword'

2019-01-22 16:47:01 - [TEST_STEP][PASSED] - waitForElementClickable(findTestObject("UI/Client/Claim Services/input_loginButton"), 5): Object 'Object Repository/UI/Client/Claim Services/input_loginButton' is clickable

2019-01-22 16:47:01 - [MESSAGE][PASSED] - Object 'Object Repository/UI/Client/Claim Services/input_loginButton' is clickable

2019-01-22 16:47:01 - [TEST_STEP][PASSED] - click(findTestObject("UI/Client/Claim Services/input_loginButton")): Object: 'Object Repository/UI/Client/Claim Services/input_loginButton' is clicked on

2019-01-22 16:47:01 - [MESSAGE][PASSED] - Object: 'Object Repository/UI/Client/Claim Services/input_loginButton' is clicked on

2019-01-22 16:47:01 - [TEST_STEP][PASSED] - delay(1): Delayed 1 second(s)

2019-01-22 16:47:02 - [MESSAGE][PASSED] - Delayed 1 second(s)

2019-01-22 16:47:02 - [TEST_STEP][PASSED] - waitForPageLoad(5): Wait for page load successfully

2019-01-22 16:47:02 - [MESSAGE][PASSED] - Wait for page load successfully

2019-01-22 16:47:02 - [TEST_STEP][PASSED] - waitForElementPresent(findTestObject("UI/Client/Rule Editor/h1_Clients"), 5): Object 'Object Repository/UI/Client/Rule Editor/h1_Clients' is present

2019-01-22 16:47:02 - [MESSAGE][PASSED] - Object 'Object Repository/UI/Client/Rule Editor/h1_Clients' is present

2019-01-22 16:47:02 - [TEST_STEP][PASSED] - pageTitle = getText(findTestObject("UI/Client/Rule Editor/h1_Clients")): Text of object 'Object Repository/UI/Client/Rule Editor/h1_Clients' is: 'Clients'

2019-01-22 16:47:02 - [MESSAGE][PASSED] - Text of object 'Object Repository/UI/Client/Rule Editor/h1_Clients' is: 'Clients'

2019-01-22 16:47:02 - [TEST_STEP][PASSED] - verifyMatch(pageTitle, "Clients", false): Actual text 'Clients' and expected text 'Clients' are matched 

2019-01-22 16:47:02 - [MESSAGE][PASSED] - Actual text 'Clients' and expected text 'Clients' are matched 

2019-01-22 16:47:02 - [TEST_STEP][PASSED] - delay(3): Delayed 3 second(s)

2019-01-22 16:47:05 - [MESSAGE][PASSED] - Delayed 3 second(s)

2019-01-22 16:47:05 - [TEST_STEP][PASSED] - waitForElementClickable(findTestObject("UI/Client/Rule Editor/span_ruleEditorMenu"), 5): Object 'Object Repository/UI/Client/Rule Editor/span_ruleEditorMenu' is clickable

2019-01-22 16:47:05 - [MESSAGE][PASSED] - Object 'Object Repository/UI/Client/Rule Editor/span_ruleEditorMenu' is clickable

2019-01-22 16:47:05 - [TEST_STEP][PASSED] - click(findTestObject("UI/Client/Rule Editor/span_ruleEditorMenu")): Object: 'Object Repository/UI/Client/Rule Editor/span_ruleEditorMenu' is clicked on

2019-01-22 16:47:05 - [MESSAGE][PASSED] - Object: 'Object Repository/UI/Client/Rule Editor/span_ruleEditorMenu' is clicked on

2019-01-22 16:47:05 - [TEST_STEP][PASSED] - delay(1): Delayed 1 second(s)

2019-01-22 16:47:06 - [MESSAGE][PASSED] - Delayed 1 second(s)

2019-01-22 16:47:06 - [TEST_STEP][PASSED] - waitForPageLoad(5): Wait for page load successfully

2019-01-22 16:47:06 - [MESSAGE][PASSED] - Wait for page load successfully

2019-01-22 16:47:06 - [TEST_STEP][PASSED] - waitForElementPresent(findTestObject("UI/Client/Rule Editor/h1_ruleEditor"), 5): Object 'Object Repository/UI/Client/Rule Editor/h1_ruleEditor' is present

2019-01-22 16:47:06 - [MESSAGE][PASSED] - Object 'Object Repository/UI/Client/Rule Editor/h1_ruleEditor' is present

2019-01-22 16:47:06 - [TEST_STEP][PASSED] - pageTitle = getText(findTestObject("UI/Client/Rule Editor/h1_ruleEditor")): Text of object 'Object Repository/UI/Client/Rule Editor/h1_ruleEditor' is: 'Rule Editor'

2019-01-22 16:47:06 - [MESSAGE][PASSED] - Text of object 'Object Repository/UI/Client/Rule Editor/h1_ruleEditor' is: 'Rule Editor'

2019-01-22 16:47:06 - [TEST_STEP][PASSED] - verifyMatch(pageTitle, "Rule Editor", false): Actual text 'Rule Editor' and expected text 'Rule Editor' are matched 

2019-01-22 16:47:06 - [MESSAGE][PASSED] - Actual text 'Rule Editor' and expected text 'Rule Editor' are matched 

2019-01-22 16:47:06 - [TEST_STEP][PASSED] - delay(3): Delayed 3 second(s)

2019-01-22 16:47:09 - [MESSAGE][PASSED] - Delayed 3 second(s)

2019-01-22 16:47:09 - [TEST_STEP][PASSED] - waitForElementVisible(findTestObject("UI/Client/Rule Editor/Search Rule Set/input_searchRuleSet"), 5): Object 'Object Repository/UI/Client/Rule Editor/Search Rule Set/input_searchRuleSet' is visible

2019-01-22 16:47:09 - [MESSAGE][PASSED] - Object 'Object Repository/UI/Client/Rule Editor/Search Rule Set/input_searchRuleSet' is visible

2019-01-22 16:47:09 - [TEST_STEP][PASSED] - setText(findTestObject("UI/Client/Rule Editor/Search Rule Set/input_searchRuleSet"), RULESETNAME): Text 'Arkansas' is set on object 'Object Repository/UI/Client/Rule Editor/Search Rule Set/input_searchRuleSet'

2019-01-22 16:47:09 - [MESSAGE][PASSED] - Text 'Arkansas' is set on object 'Object Repository/UI/Client/Rule Editor/Search Rule Set/input_searchRuleSet'

2019-01-22 16:47:09 - [TEST_STEP][PASSED] - delay(3): Delayed 3 second(s)

2019-01-22 16:47:12 - [MESSAGE][PASSED] - Delayed 3 second(s)

2019-01-22 16:47:12 - [TEST_STEP][PASSED] - verifyElementNotPresent(findTestObject("UI/Client/Rule Editor/Search Rule Set/div_noSearchResults"), 5): Web element with id: 'Object Repository/UI/Client/Rule Editor/Search Rule Set/div_noSearchResults' located by 'By.xpath: //*[@id="content"]//div[contains(text(), "No Data")]' is not present after '5' second(s)

2019-01-22 16:47:13 - [MESSAGE][PASSED] - Web element with id: 'Object Repository/UI/Client/Rule Editor/Search Rule Set/div_noSearchResults' located by 'By.xpath: //*[@id="content"]//div[contains(text(), "No Data")]' is not present after '5' second(s)

2019-01-22 16:47:13 - [TEST_STEP][PASSED] - setText(findTestObject("UI/Client/Rule Editor/Search Rule Set/input_searchRuleSet"), CLEAR): Text '' is set on object 'Object Repository/UI/Client/Rule Editor/Search Rule Set/input_searchRuleSet'

2019-01-22 16:47:13 - [MESSAGE][PASSED] - Text '' is set on object 'Object Repository/UI/Client/Rule Editor/Search Rule Set/input_searchRuleSet'

2019-01-22 16:47:13 - [TEST_STEP][PASSED] - delay(3): Delayed 3 second(s)

2019-01-22 16:47:16 - [MESSAGE][PASSED] - Delayed 3 second(s)

2019-01-22 16:47:16 - [TEST_STEP][PASSED] - setText(findTestObject("UI/Client/Rule Editor/Search Rule Set/input_searchRuleSet"), RULESETNAME2): Text 'a' is set on object 'Object Repository/UI/Client/Rule Editor/Search Rule Set/input_searchRuleSet'

2019-01-22 16:47:16 - [MESSAGE][PASSED] - Text 'a' is set on object 'Object Repository/UI/Client/Rule Editor/Search Rule Set/input_searchRuleSet'

2019-01-22 16:47:16 - [TEST_STEP][PASSED] - delay(3): Delayed 3 second(s)

2019-01-22 16:47:19 - [MESSAGE][PASSED] - Delayed 3 second(s)

2019-01-22 16:47:19 - [TEST_STEP][PASSED] - verifyElementNotPresent(findTestObject("UI/Client/Rule Editor/Search Rule Set/div_noSearchResults"), 5): Web element with id: 'Object Repository/UI/Client/Rule Editor/Search Rule Set/div_noSearchResults' located by 'By.xpath: //*[@id="content"]//div[contains(text(), "No Data")]' is not present after '5' second(s)

2019-01-22 16:47:19 - [MESSAGE][PASSED] - Web element with id: 'Object Repository/UI/Client/Rule Editor/Search Rule Set/div_noSearchResults' located by 'By.xpath: //*[@id="content"]//div[contains(text(), "No Data")]' is not present after '5' second(s)

2019-01-22 16:47:19 - [TEST_STEP][PASSED] - setText(findTestObject("UI/Client/Rule Editor/Search Rule Set/input_searchRuleSet"), CLEAR): Text '' is set on object 'Object Repository/UI/Client/Rule Editor/Search Rule Set/input_searchRuleSet'

2019-01-22 16:47:19 - [MESSAGE][PASSED] - Text '' is set on object 'Object Repository/UI/Client/Rule Editor/Search Rule Set/input_searchRuleSet'

2019-01-22 16:47:19 - [TEST_STEP][PASSED] - delay(3): Delayed 3 second(s)

2019-01-22 16:47:22 - [MESSAGE][PASSED] - Delayed 3 second(s)

2019-01-22 16:47:22 - [TEST_STEP][PASSED] - setText(findTestObject("UI/Client/Rule Editor/Search Rule Set/input_searchRuleSet"), INVALIDNAME): Text 'QWERTY' is set on object 'Object Repository/UI/Client/Rule Editor/Search Rule Set/input_searchRuleSet'

2019-01-22 16:47:22 - [MESSAGE][PASSED] - Text 'QWERTY' is set on object 'Object Repository/UI/Client/Rule Editor/Search Rule Set/input_searchRuleSet'

2019-01-22 16:47:22 - [TEST_STEP][PASSED] - delay(3): Delayed 3 second(s)

2019-01-22 16:47:25 - [MESSAGE][PASSED] - Delayed 3 second(s)

2019-01-22 16:47:25 - [TEST_STEP][PASSED] - verifyElementPresent(findTestObject("UI/Client/Rule Editor/Search Rule Set/div_noSearchResults"), 5): Object 'Object Repository/UI/Client/Rule Editor/Search Rule Set/div_noSearchResults' is present

2019-01-22 16:47:25 - [MESSAGE][PASSED] - Object 'Object Repository/UI/Client/Rule Editor/Search Rule Set/div_noSearchResults' is present

2019-01-22 16:47:25 - [TEST_STEP][PASSED] - setText(findTestObject("UI/Client/Rule Editor/Search Rule Set/input_searchRuleSet"), CLEAR): Text '' is set on object 'Object Repository/UI/Client/Rule Editor/Search Rule Set/input_searchRuleSet'

2019-01-22 16:47:25 - [MESSAGE][PASSED] - Text '' is set on object 'Object Repository/UI/Client/Rule Editor/Search Rule Set/input_searchRuleSet'

2019-01-22 16:47:25 - [TEST_STEP][PASSED] - delay(3): Delayed 3 second(s)

2019-01-22 16:47:28 - [MESSAGE][PASSED] - Delayed 3 second(s)

2019-01-22 16:47:28 - [TEST_STEP][PASSED] - setText(findTestObject("UI/Client/Rule Editor/Search Rule Set/input_searchRuleSet"), INVALIDNAME2): Text '0000' is set on object 'Object Repository/UI/Client/Rule Editor/Search Rule Set/input_searchRuleSet'

2019-01-22 16:47:28 - [MESSAGE][PASSED] - Text '0000' is set on object 'Object Repository/UI/Client/Rule Editor/Search Rule Set/input_searchRuleSet'

2019-01-22 16:47:28 - [TEST_STEP][PASSED] - delay(3): Delayed 3 second(s)

2019-01-22 16:47:31 - [MESSAGE][PASSED] - Delayed 3 second(s)

2019-01-22 16:47:31 - [TEST_STEP][PASSED] - verifyElementPresent(findTestObject("UI/Client/Rule Editor/Search Rule Set/div_noSearchResults"), 5): Object 'Object Repository/UI/Client/Rule Editor/Search Rule Set/div_noSearchResults' is present

2019-01-22 16:47:31 - [MESSAGE][PASSED] - Object 'Object Repository/UI/Client/Rule Editor/Search Rule Set/div_noSearchResults' is present

2019-01-22 16:47:31 - [TEST_STEP][PASSED] - setText(findTestObject("UI/Client/Rule Editor/Search Rule Set/input_searchRuleSet"), CLEAR): Text '' is set on object 'Object Repository/UI/Client/Rule Editor/Search Rule Set/input_searchRuleSet'

2019-01-22 16:47:31 - [MESSAGE][PASSED] - Text '' is set on object 'Object Repository/UI/Client/Rule Editor/Search Rule Set/input_searchRuleSet'

2019-01-22 16:47:31 - [TEST_STEP][PASSED] - delay(3): Delayed 3 second(s)

2019-01-22 16:47:34 - [MESSAGE][PASSED] - Delayed 3 second(s)

2019-01-22 16:47:34 - [TEST_STEP][PASSED] - waitForElementClickable(findTestObject("UI/General/Log/a_userAvatar"), 5): Object 'Object Repository/UI/General/Log/a_userAvatar' is clickable

2019-01-22 16:47:35 - [MESSAGE][PASSED] - Object 'Object Repository/UI/General/Log/a_userAvatar' is clickable

2019-01-22 16:47:35 - [TEST_STEP][PASSED] - click(findTestObject("UI/General/Log/a_userAvatar")): Object: 'Object Repository/UI/General/Log/a_userAvatar' is clicked on

2019-01-22 16:47:35 - [MESSAGE][PASSED] - Object: 'Object Repository/UI/General/Log/a_userAvatar' is clicked on

2019-01-22 16:47:35 - [TEST_STEP][PASSED] - delay(1): Delayed 1 second(s)

2019-01-22 16:47:36 - [MESSAGE][PASSED] - Delayed 1 second(s)

2019-01-22 16:47:36 - [TEST_STEP][PASSED] - waitForElementClickable(findTestObject("UI/General/Log/a_signOutAMPS"), 5): Object 'Object Repository/UI/General/Log/a_signOutAMPS' is clickable

2019-01-22 16:47:36 - [MESSAGE][PASSED] - Object 'Object Repository/UI/General/Log/a_signOutAMPS' is clickable

2019-01-22 16:47:36 - [TEST_STEP][PASSED] - click(findTestObject("UI/General/Log/a_signOutAMPS")): Object: 'Object Repository/UI/General/Log/a_signOutAMPS' is clicked on

2019-01-22 16:47:36 - [MESSAGE][PASSED] - Object: 'Object Repository/UI/General/Log/a_signOutAMPS' is clicked on

2019-01-22 16:47:36 - [TEST_STEP][PASSED] - delay(1): Delayed 1 second(s)

2019-01-22 16:47:37 - [MESSAGE][PASSED] - Delayed 1 second(s)

2019-01-22 16:47:37 - [TEST_STEP][PASSED] - closeBrowser(): Browser is closed

2019-01-22 16:47:37 - [MESSAGE][PASSED] - Browser is closed]]></system-out>
         <system-err><![CDATA[]]></system-err>
      </testcase>
      <system-out><![CDATA[2019-01-22 16:43:49 - [TEST_SUITE][PASSED] - Rule Editor: Test Cases/UI/Client/Rule Editor/Search for Rule Set]]></system-out>
      <system-err><![CDATA[]]></system-err>
   </testsuite>
</testsuites>
